#
# There is insufficient memory for the Java Runtime Environment to continue.
# Native memory allocation (malloc) failed to allocate 131088 bytes for Chunk::new
# Possible reasons:
#   The system is out of physical RAM or swap space
#   The process is running with CompressedOops enabled, and the Java Heap may be blocking the growth of the native heap
# Possible solutions:
#   Reduce memory load on the system
#   Increase physical memory or swap space
#   Check if swap backing store is full
#   Decrease Java heap size (-Xmx/-Xms)
#   Decrease number of Java threads
#   Decrease Java thread stack sizes (-Xss)
#   Set larger code cache with -XX:ReservedCodeCacheSize=
#   JVM is running with Unscaled Compressed Oops mode in which the Java heap is
#     placed in the first 4GB address space. The Java Heap base address is the
#     maximum limit for the native heap growth. Please use -XX:HeapBaseMinAddress
#     to set the Java Heap base and to place the Java Heap above 4GB virtual address.
# This output file may be truncated or incomplete.
#
#  Out of Memory Error (./open/src/hotspot/share/memory/arena.cpp:195), pid=10712, tid=9544
#
# JRE version: Java(TM) SE Runtime Environment (15.0.1+9) (build 15.0.1+9-18)
# Java VM: Java HotSpot(TM) 64-Bit Server VM (15.0.1+9-18, mixed mode, sharing, tiered, compressed oops, g1 gc, windows-amd64)
# No core dump will be written. Minidumps are not enabled by default on client versions of Windows
#

---------------  S U M M A R Y ------------

Command Line: --module-path=C:\Users\User\Desktop\Java-prog-meth\openjfx-11.0.2_windows-x64_bin-sdk\javafx-sdk-11.0.2\lib --add-modules=javafx.controls,javafx.fxml --module-path=C:\Users\User\Desktop\Java-prog-meth\openjfx-11.0.2_windows-x64_bin-sdk\javafx-sdk-11.0.2\lib --add-modules=javafx.controls,javafx.fxml,javafx.media,javafx.graphics -Dfile.encoding=Cp1252 -XX:+ShowCodeDetailsInExceptionMessages application.Main

Host: AMD Ryzen 7 2700U with Radeon Vega Mobile Gfx  , 8 cores, 6G,  Windows 10 , 64 bit Build 18362 (10.0.18362.1350)
Time: Wed Apr 21 10:52:29 2021 SE Asia Standard Time elapsed time: 28.797154 seconds (0d 0h 0m 28s)

---------------  T H R E A D  ---------------

Current thread (0x000001ad795fd110):  JavaThread "C2 CompilerThread0" daemon [_thread_in_native, id=9544, stack(0x0000003f06e00000,0x0000003f06f00000)]


Current CompileTask:
C2:  28797 4666       4       com.sun.javafx.css.SelectorPartitioning::match (700 bytes)

Stack: [0x0000003f06e00000,0x0000003f06f00000]
Native frames: (J=compiled Java code, j=interpreted, Vv=VM code, C=native code)
V  [jvm.dll+0x62ae9a]
V  [jvm.dll+0x781389]
V  [jvm.dll+0x782ae3]
V  [jvm.dll+0x783143]
V  [jvm.dll+0x216265]
V  [jvm.dll+0x97efa]
V  [jvm.dll+0x9806d]
V  [jvm.dll+0x609ad4]
V  [jvm.dll+0x540bc0]
V  [jvm.dll+0x1f2c14]
V  [jvm.dll+0x1ec3b7]
V  [jvm.dll+0x1e97a7]
V  [jvm.dll+0x1784c7]
V  [jvm.dll+0x1f9165]
V  [jvm.dll+0x1f720c]
V  [jvm.dll+0x74485d]
V  [jvm.dll+0x73d65a]
V  [jvm.dll+0x629c56]
C  [ucrtbase.dll+0x210b2]
C  [KERNEL32.DLL+0x17c24]
C  [ntdll.dll+0x6d721]


---------------  P R O C E S S  ---------------

Threads class SMR info:
_java_thread_list=0x000001ad7a0480e0, length=22, elements={
0x000001ad6a4372b0, 0x000001ad795d6ff0, 0x000001ad795e02c0, 0x000001ad795f6cc0,
0x000001ad795f9990, 0x000001ad795fa350, 0x000001ad795fd110, 0x000001ad796012f0,
0x000001ad79f804d0, 0x000001ad795bc8b0, 0x000001ad7a347960, 0x000001ad7abc7bc0,
0x000001ad7a972140, 0x000001ad7a360ee0, 0x000001ad7a2b4990, 0x000001ad7afac2e0,
0x000001ad7b254680, 0x000001ad7b59ebb0, 0x000001ad7b1d4500, 0x000001ad7b1d49d0,
0x000001ad7a0c0850, 0x000001ad14bd4f50
}

Java Threads: ( => current thread )
  0x000001ad6a4372b0 JavaThread "main" [_thread_blocked, id=10032, stack(0x0000003f06200000,0x0000003f06300000)]
  0x000001ad795d6ff0 JavaThread "Reference Handler" daemon [_thread_blocked, id=36868, stack(0x0000003f06900000,0x0000003f06a00000)]
  0x000001ad795e02c0 JavaThread "Finalizer" daemon [_thread_blocked, id=24604, stack(0x0000003f06a00000,0x0000003f06b00000)]
  0x000001ad795f6cc0 JavaThread "Signal Dispatcher" daemon [_thread_blocked, id=15704, stack(0x0000003f06b00000,0x0000003f06c00000)]
  0x000001ad795f9990 JavaThread "Attach Listener" daemon [_thread_blocked, id=10384, stack(0x0000003f06c00000,0x0000003f06d00000)]
  0x000001ad795fa350 JavaThread "Service Thread" daemon [_thread_blocked, id=1788, stack(0x0000003f06d00000,0x0000003f06e00000)]
=>0x000001ad795fd110 JavaThread "C2 CompilerThread0" daemon [_thread_in_native, id=9544, stack(0x0000003f06e00000,0x0000003f06f00000)]
  0x000001ad796012f0 JavaThread "C1 CompilerThread0" daemon [_thread_blocked, id=28204, stack(0x0000003f06f00000,0x0000003f07000000)]
  0x000001ad79f804d0 JavaThread "Sweeper thread" daemon [_thread_blocked, id=40100, stack(0x0000003f07000000,0x0000003f07100000)]
  0x000001ad795bc8b0 JavaThread "Common-Cleaner" daemon [_thread_blocked, id=41852, stack(0x0000003f07100000,0x0000003f07200000)]
  0x000001ad7a347960 JavaThread "Notification Thread" daemon [_thread_blocked, id=26632, stack(0x0000003f07300000,0x0000003f07400000)]
  0x000001ad7abc7bc0 JavaThread "QuantumRenderer-0" daemon [_thread_blocked, id=29312, stack(0x0000003f07200000,0x0000003f07300000)]
  0x000001ad7a972140 JavaThread "InvokeLaterDispatcher" daemon [_thread_blocked, id=344, stack(0x0000003f07700000,0x0000003f07800000)]
  0x000001ad7a360ee0 JavaThread "JavaFX Application Thread" [_thread_in_native, id=3336, stack(0x0000003f07800000,0x0000003f07900000)]
  0x000001ad7a2b4990 JavaThread "JavaFX-Launcher" [_thread_blocked, id=14156, stack(0x0000003f08000000,0x0000003f08100000)]
  0x000001ad7afac2e0 JavaThread "Thread-2" daemon [_thread_blocked, id=2672, stack(0x0000003f07f00000,0x0000003f08000000)]
  0x000001ad7b254680 JavaThread "Media Resource Disposer" daemon [_thread_blocked, id=38480, stack(0x0000003f08800000,0x0000003f08900000)]
  0x000001ad7b59ebb0 JavaThread "Thread-3" daemon [_thread_blocked, id=30352, stack(0x0000003f08900000,0x0000003f08a00000)]
  0x000001ad7b1d4500 JavaThread "Prism Font Disposer" daemon [_thread_blocked, id=29208, stack(0x0000003f08c00000,0x0000003f08d00000)]
  0x000001ad7b1d49d0 JavaThread "Cleaner-0" daemon [_thread_blocked, id=36100, stack(0x0000003f09800000,0x0000003f09900000)]
  0x000001ad7a0c0850 JavaThread "JFXMedia Player EventQueueThread" daemon [_thread_blocked, id=37652, stack(0x0000003f09000000,0x0000003f09100000)]
  0x000001ad14bd4f50 JavaThread "Thread-7498" [_thread_blocked, id=12284, stack(0x0000003f09500000,0x0000003f09600000)]

Other Threads:
  0x000001ad795d50c0 VMThread "VM Thread" [stack: 0x0000003f06800000,0x0000003f06900000] [id=10808]
  0x000001ad7a01ab00 WatcherThread [stack: 0x0000003f07400000,0x0000003f07500000] [id=40268]
  0x000001ad6a472900 GCTaskThread "GC Thread#0" [stack: 0x0000003f06300000,0x0000003f06400000] [id=28168]
  0x000001ad7a910780 GCTaskThread "GC Thread#1" [stack: 0x0000003f08100000,0x0000003f08200000] [id=40692]
  0x000001ad7b28fef0 GCTaskThread "GC Thread#2" [stack: 0x0000003f08200000,0x0000003f08300000] [id=6600]
  0x000001ad7b290bb0 GCTaskThread "GC Thread#3" [stack: 0x0000003f08300000,0x0000003f08400000] [id=24240]
  0x000001ad7b28f230 GCTaskThread "GC Thread#4" [stack: 0x0000003f08400000,0x0000003f08500000] [id=4604]
  0x000001ad7b291ed0 GCTaskThread "GC Thread#5" [stack: 0x0000003f08500000,0x0000003f08600000] [id=38660]
  0x000001ad7b290880 GCTaskThread "GC Thread#6" [stack: 0x0000003f0a600000,0x0000003f0a700000] [id=15588]
  0x000001ad7b290220 GCTaskThread "GC Thread#7" [stack: 0x0000003f0a700000,0x0000003f0a800000] [id=32068]
  0x000001ad6a482830 ConcurrentGCThread "G1 Main Marker" [stack: 0x0000003f06400000,0x0000003f06500000] [id=2816]
  0x000001ad6a483330 ConcurrentGCThread "G1 Conc#0" [stack: 0x0000003f06500000,0x0000003f06600000] [id=38684]
  0x000001ad7b291210 ConcurrentGCThread "G1 Conc#1" [stack: 0x0000003f09f00000,0x0000003f0a000000] [id=18504]
  0x000001ad6a4f9760 ConcurrentGCThread "G1 Refine#0" [stack: 0x0000003f06600000,0x0000003f06700000] [id=22152]
  0x000001ad6a4faa10 ConcurrentGCThread "G1 Young RemSet Sampling" [stack: 0x0000003f06700000,0x0000003f06800000] [id=13820]

Threads with active compile tasks:
C2 CompilerThread0    28887 4666       4       com.sun.javafx.css.SelectorPartitioning::match (700 bytes)

VM state: at safepoint (normal execution)

VM Mutex/Monitor currently owned by a thread:  ([mutex/lock_event])
[0x000001ad6a432730] Threads_lock - owner thread: 0x000001ad795d50c0
[0x000001ad6a433b70] Heap_lock - owner thread: 0x000001ad6a482830

Heap address: 0x0000000090a00000, size: 1782 MB, Compressed Oops mode: 32-bit
CDS archive(s) mapped at: [0x0000000800000000-0x0000000800b50000-0x0000000800b50000), size 11862016, SharedBaseAddress: 0x0000000800000000, ArchiveRelocationMode: 0.
Compressed class space mapped at: 0x0000000800b50000-0x0000000840b50000, size: 1073741824
Narrow klass base: 0x0000000800000000, Narrow klass shift: 3, Narrow klass range: 0x100000000

GC Precious Log:
 CPUs: 8 total, 8 available
 Memory: 7123M
 Large Page Support: Disabled
 NUMA Support: Disabled
 Compressed Oops: Enabled (32-bit)
 Heap Region Size: 1M
 Heap Min Capacity: 8M
 Heap Initial Capacity: 112M
 Heap Max Capacity: 1782M
 Pre-touch: Disabled
 Parallel Workers: 8
 Concurrent Workers: 2
 Concurrent Refinement Workers: 8
 Periodic GC: Disabled

Heap:
 garbage-first heap   total 342016K, used 202212K [0x0000000090a00000, 0x0000000100000000)
  region size 1024K, 3 young (3072K), 1 survivors (1024K)
 Metaspace       used 16541K, capacity 17483K, committed 17664K, reserved 1064960K
  class space    used 2132K, capacity 2302K, committed 2304K, reserved 1048576K

Heap Regions: E=young(eden), S=young(survivor), O=old, HS=humongous(starts), HC=humongous(continues), CS=collection set, F=free, OA=open archive, CA=closed archive, TAMS=top-at-mark-start (previous, next)
|   0|0x0000000090a00000, 0x0000000090b00000, 0x0000000090b00000|100%|HS|  |TAMS 0x0000000090b00000, 0x0000000090a00000| Complete 
|   1|0x0000000090b00000, 0x0000000090c00000, 0x0000000090c00000|100%|HC|  |TAMS 0x0000000090c00000, 0x0000000090b00000| Complete 
|   2|0x0000000090c00000, 0x0000000090d00000, 0x0000000090d00000|100%| O|  |TAMS 0x0000000090d00000, 0x0000000090c00000| Updating 
|   3|0x0000000090d00000, 0x0000000090e00000, 0x0000000090e00000|100%| O|  |TAMS 0x0000000090e00000, 0x0000000090d00000| Updating 
|   4|0x0000000090e00000, 0x0000000090f00000, 0x0000000090f00000|100%| O|  |TAMS 0x0000000090f00000, 0x0000000090e00000| Updating 
|   5|0x0000000090f00000, 0x0000000091000000, 0x0000000091000000|100%|HS|  |TAMS 0x0000000091000000, 0x0000000090f00000| Complete 
|   6|0x0000000091000000, 0x0000000091100000, 0x0000000091100000|100%|HC|  |TAMS 0x0000000091100000, 0x0000000091000000| Complete 
|   7|0x0000000091100000, 0x0000000091200000, 0x0000000091200000|100%|HC|  |TAMS 0x0000000091200000, 0x0000000091100000| Complete 
|   8|0x0000000091200000, 0x0000000091300000, 0x0000000091300000|100%|HC|  |TAMS 0x0000000091300000, 0x0000000091200000| Complete 
|   9|0x0000000091300000, 0x0000000091400000, 0x0000000091400000|100%|HC|  |TAMS 0x0000000091400000, 0x0000000091300000| Complete 
|  10|0x0000000091400000, 0x0000000091500000, 0x0000000091500000|100%|HC|  |TAMS 0x0000000091500000, 0x0000000091400000| Complete 
|  11|0x0000000091500000, 0x0000000091600000, 0x0000000091600000|100%| O|  |TAMS 0x0000000091600000, 0x0000000091500000| Updating 
|  12|0x0000000091600000, 0x0000000091700000, 0x0000000091700000|100%| O|  |TAMS 0x0000000091700000, 0x0000000091600000| Updating 
|  13|0x0000000091700000, 0x0000000091800000, 0x0000000091800000|100%| O|  |TAMS 0x0000000091800000, 0x0000000091700000| Updating 
|  14|0x0000000091800000, 0x0000000091900000, 0x0000000091900000|100%| O|  |TAMS 0x0000000091900000, 0x0000000091800000| Updating 
|  15|0x0000000091900000, 0x0000000091a00000, 0x0000000091a00000|100%| O|  |TAMS 0x0000000091a00000, 0x0000000091900000| Updating 
|  16|0x0000000091a00000, 0x0000000091b00000, 0x0000000091b00000|100%| O|  |TAMS 0x0000000091b00000, 0x0000000091a00000| Updating 
|  17|0x0000000091b00000, 0x0000000091c00000, 0x0000000091c00000|100%| O|  |TAMS 0x0000000091c00000, 0x0000000091b00000| Updating 
|  18|0x0000000091c00000, 0x0000000091d00000, 0x0000000091d00000|100%| O|  |TAMS 0x0000000091d00000, 0x0000000091c00000| Updating 
|  19|0x0000000091d00000, 0x0000000091e00000, 0x0000000091e00000|100%| O|  |TAMS 0x0000000091e00000, 0x0000000091d00000| Updating 
|  20|0x0000000091e00000, 0x0000000091f00000, 0x0000000091f00000|100%| O|  |TAMS 0x0000000091f00000, 0x0000000091e00000| Updating 
|  21|0x0000000091f00000, 0x0000000092000000, 0x0000000092000000|100%|HS|  |TAMS 0x0000000092000000, 0x0000000091f00000| Complete 
|  22|0x0000000092000000, 0x0000000092100000, 0x0000000092100000|100%|HC|  |TAMS 0x0000000092100000, 0x0000000092000000| Complete 
|  23|0x0000000092100000, 0x0000000092200000, 0x0000000092200000|100%|HC|  |TAMS 0x0000000092200000, 0x0000000092100000| Complete 
|  24|0x0000000092200000, 0x0000000092300000, 0x0000000092300000|100%|HC|  |TAMS 0x0000000092300000, 0x0000000092200000| Complete 
|  25|0x0000000092300000, 0x0000000092400000, 0x0000000092400000|100%|HC|  |TAMS 0x0000000092400000, 0x0000000092300000| Complete 
|  26|0x0000000092400000, 0x0000000092500000, 0x0000000092500000|100%|HC|  |TAMS 0x0000000092500000, 0x0000000092400000| Complete 
|  27|0x0000000092500000, 0x0000000092600000, 0x0000000092600000|100%|HS|  |TAMS 0x0000000092600000, 0x0000000092500000| Complete 
|  28|0x0000000092600000, 0x0000000092700000, 0x0000000092700000|100%|HS|  |TAMS 0x0000000092700000, 0x0000000092600000| Complete 
|  29|0x0000000092700000, 0x0000000092800000, 0x0000000092800000|100%|HS|  |TAMS 0x0000000092800000, 0x0000000092700000| Complete 
|  30|0x0000000092800000, 0x0000000092900000, 0x0000000092900000|100%|HC|  |TAMS 0x0000000092900000, 0x0000000092800000| Complete 
|  31|0x0000000092900000, 0x0000000092a00000, 0x0000000092a00000|100%|HC|  |TAMS 0x0000000092a00000, 0x0000000092900000| Complete 
|  32|0x0000000092a00000, 0x0000000092b00000, 0x0000000092b00000|100%| O|  |TAMS 0x0000000092b00000, 0x0000000092a00000| Updating 
|  33|0x0000000092b00000, 0x0000000092b98a00, 0x0000000092c00000| 59%| O|  |TAMS 0x0000000092b98a00, 0x0000000092b00000| Updating 
|  34|0x0000000092c00000, 0x0000000092d00000, 0x0000000092d00000|100%|HS|  |TAMS 0x0000000092d00000, 0x0000000092c00000| Complete 
|  35|0x0000000092d00000, 0x0000000092e00000, 0x0000000092e00000|100%|HC|  |TAMS 0x0000000092e00000, 0x0000000092d00000| Complete 
|  36|0x0000000092e00000, 0x0000000092f00000, 0x0000000092f00000|100%|HC|  |TAMS 0x0000000092f00000, 0x0000000092e00000| Complete 
|  37|0x0000000092f00000, 0x0000000093000000, 0x0000000093000000|100%|HC|  |TAMS 0x0000000093000000, 0x0000000092f00000| Complete 
|  38|0x0000000093000000, 0x0000000093100000, 0x0000000093100000|100%|HC|  |TAMS 0x0000000093100000, 0x0000000093000000| Complete 
|  39|0x0000000093100000, 0x0000000093200000, 0x0000000093200000|100%|HC|  |TAMS 0x0000000093200000, 0x0000000093100000| Complete 
|  40|0x0000000093200000, 0x0000000093300000, 0x0000000093300000|100%|HC|  |TAMS 0x0000000093300000, 0x0000000093200000| Complete 
|  41|0x0000000093300000, 0x0000000093400000, 0x0000000093400000|100%|HC|  |TAMS 0x0000000093400000, 0x0000000093300000| Complete 
|  42|0x0000000093400000, 0x0000000093500000, 0x0000000093500000|100%|HC|  |TAMS 0x0000000093500000, 0x0000000093400000| Complete 
|  43|0x0000000093500000, 0x0000000093600000, 0x0000000093600000|100%|HC|  |TAMS 0x0000000093600000, 0x0000000093500000| Complete 
|  44|0x0000000093600000, 0x0000000093700000, 0x0000000093700000|100%|HC|  |TAMS 0x0000000093700000, 0x0000000093600000| Complete 
|  45|0x0000000093700000, 0x0000000093800000, 0x0000000093800000|100%|HC|  |TAMS 0x0000000093800000, 0x0000000093700000| Complete 
|  46|0x0000000093800000, 0x0000000093900000, 0x0000000093900000|100%|HC|  |TAMS 0x0000000093900000, 0x0000000093800000| Complete 
|  47|0x0000000093900000, 0x0000000093a00000, 0x0000000093a00000|100%|HC|  |TAMS 0x0000000093a00000, 0x0000000093900000| Complete 
|  48|0x0000000093a00000, 0x0000000093b00000, 0x0000000093b00000|100%|HC|  |TAMS 0x0000000093b00000, 0x0000000093a00000| Complete 
|  49|0x0000000093b00000, 0x0000000093c00000, 0x0000000093c00000|100%|HC|  |TAMS 0x0000000093c00000, 0x0000000093b00000| Complete 
|  50|0x0000000093c00000, 0x0000000093d00000, 0x0000000093d00000|100%|HC|  |TAMS 0x0000000093d00000, 0x0000000093c00000| Complete 
|  51|0x0000000093d00000, 0x0000000093e00000, 0x0000000093e00000|100%|HC|  |TAMS 0x0000000093e00000, 0x0000000093d00000| Complete 
|  52|0x0000000093e00000, 0x0000000093f00000, 0x0000000093f00000|100%|HC|  |TAMS 0x0000000093f00000, 0x0000000093e00000| Complete 
|  53|0x0000000093f00000, 0x0000000094000000, 0x0000000094000000|100%|HC|  |TAMS 0x0000000094000000, 0x0000000093f00000| Complete 
|  54|0x0000000094000000, 0x0000000094100000, 0x0000000094100000|100%|HC|  |TAMS 0x0000000094100000, 0x0000000094000000| Complete 
|  55|0x0000000094100000, 0x0000000094200000, 0x0000000094200000|100%|HC|  |TAMS 0x0000000094200000, 0x0000000094100000| Complete 
|  56|0x0000000094200000, 0x0000000094300000, 0x0000000094300000|100%|HC|  |TAMS 0x0000000094300000, 0x0000000094200000| Complete 
|  57|0x0000000094300000, 0x0000000094400000, 0x0000000094400000|100%|HC|  |TAMS 0x0000000094400000, 0x0000000094300000| Complete 
|  58|0x0000000094400000, 0x0000000094500000, 0x0000000094500000|100%|HC|  |TAMS 0x0000000094500000, 0x0000000094400000| Complete 
|  59|0x0000000094500000, 0x0000000094600000, 0x0000000094600000|100%|HC|  |TAMS 0x0000000094600000, 0x0000000094500000| Complete 
|  60|0x0000000094600000, 0x0000000094700000, 0x0000000094700000|100%|HC|  |TAMS 0x0000000094700000, 0x0000000094600000| Complete 
|  61|0x0000000094700000, 0x0000000094800000, 0x0000000094800000|100%|HC|  |TAMS 0x0000000094800000, 0x0000000094700000| Complete 
|  62|0x0000000094800000, 0x0000000094900000, 0x0000000094900000|100%|HC|  |TAMS 0x0000000094900000, 0x0000000094800000| Complete 
|  63|0x0000000094900000, 0x0000000094a00000, 0x0000000094a00000|100%|HC|  |TAMS 0x0000000094a00000, 0x0000000094900000| Complete 
|  64|0x0000000094a00000, 0x0000000094b00000, 0x0000000094b00000|100%|HC|  |TAMS 0x0000000094b00000, 0x0000000094a00000| Complete 
|  65|0x0000000094b00000, 0x0000000094c00000, 0x0000000094c00000|100%|HC|  |TAMS 0x0000000094c00000, 0x0000000094b00000| Complete 
|  66|0x0000000094c00000, 0x0000000094d00000, 0x0000000094d00000|100%|HC|  |TAMS 0x0000000094d00000, 0x0000000094c00000| Complete 
|  67|0x0000000094d00000, 0x0000000094e00000, 0x0000000094e00000|100%|HS|  |TAMS 0x0000000094e00000, 0x0000000094d00000| Complete 
|  68|0x0000000094e00000, 0x0000000094f00000, 0x0000000094f00000|100%|HC|  |TAMS 0x0000000094f00000, 0x0000000094e00000| Complete 
|  69|0x0000000094f00000, 0x0000000095000000, 0x0000000095000000|100%|HC|  |TAMS 0x0000000095000000, 0x0000000094f00000| Complete 
|  70|0x0000000095000000, 0x0000000095100000, 0x0000000095100000|100%|HC|  |TAMS 0x0000000095100000, 0x0000000095000000| Complete 
|  71|0x0000000095100000, 0x0000000095200000, 0x0000000095200000|100%|HC|  |TAMS 0x0000000095200000, 0x0000000095100000| Complete 
|  72|0x0000000095200000, 0x0000000095300000, 0x0000000095300000|100%|HS|  |TAMS 0x0000000095300000, 0x0000000095200000| Complete 
|  73|0x0000000095300000, 0x0000000095400000, 0x0000000095400000|100%|HC|  |TAMS 0x0000000095400000, 0x0000000095300000| Complete 
|  74|0x0000000095400000, 0x0000000095500000, 0x0000000095500000|100%|HC|  |TAMS 0x0000000095500000, 0x0000000095400000| Complete 
|  75|0x0000000095500000, 0x0000000095600000, 0x0000000095600000|100%|HC|  |TAMS 0x0000000095600000, 0x0000000095500000| Complete 
|  76|0x0000000095600000, 0x0000000095700000, 0x0000000095700000|100%|HC|  |TAMS 0x0000000095700000, 0x0000000095600000| Complete 
|  77|0x0000000095700000, 0x0000000095800000, 0x0000000095800000|100%|HS|  |TAMS 0x0000000095800000, 0x0000000095700000| Complete 
|  78|0x0000000095800000, 0x0000000095900000, 0x0000000095900000|100%|HC|  |TAMS 0x0000000095900000, 0x0000000095800000| Complete 
|  79|0x0000000095900000, 0x0000000095a00000, 0x0000000095a00000|100%|HC|  |TAMS 0x0000000095a00000, 0x0000000095900000| Complete 
|  80|0x0000000095a00000, 0x0000000095b00000, 0x0000000095b00000|100%|HC|  |TAMS 0x0000000095b00000, 0x0000000095a00000| Complete 
|  81|0x0000000095b00000, 0x0000000095c00000, 0x0000000095c00000|100%|HC|  |TAMS 0x0000000095c00000, 0x0000000095b00000| Complete 
|  82|0x0000000095c00000, 0x0000000095d00000, 0x0000000095d00000|100%|HS|  |TAMS 0x0000000095d00000, 0x0000000095c00000| Complete 
|  83|0x0000000095d00000, 0x0000000095e00000, 0x0000000095e00000|100%|HC|  |TAMS 0x0000000095e00000, 0x0000000095d00000| Complete 
|  84|0x0000000095e00000, 0x0000000095f00000, 0x0000000095f00000|100%|HC|  |TAMS 0x0000000095f00000, 0x0000000095e00000| Complete 
|  85|0x0000000095f00000, 0x0000000096000000, 0x0000000096000000|100%|HC|  |TAMS 0x0000000096000000, 0x0000000095f00000| Complete 
|  86|0x0000000096000000, 0x0000000096100000, 0x0000000096100000|100%|HC|  |TAMS 0x0000000096100000, 0x0000000096000000| Complete 
|  87|0x0000000096100000, 0x0000000096200000, 0x0000000096200000|100%|HS|  |TAMS 0x0000000096200000, 0x0000000096100000| Complete 
|  88|0x0000000096200000, 0x0000000096300000, 0x0000000096300000|100%|HC|  |TAMS 0x0000000096300000, 0x0000000096200000| Complete 
|  89|0x0000000096300000, 0x0000000096400000, 0x0000000096400000|100%|HC|  |TAMS 0x0000000096400000, 0x0000000096300000| Complete 
|  90|0x0000000096400000, 0x0000000096500000, 0x0000000096500000|100%|HC|  |TAMS 0x0000000096500000, 0x0000000096400000| Complete 
|  91|0x0000000096500000, 0x0000000096600000, 0x0000000096600000|100%|HC|  |TAMS 0x0000000096600000, 0x0000000096500000| Complete 
|  92|0x0000000096600000, 0x0000000096700000, 0x0000000096700000|100%| O|  |TAMS 0x0000000096700000, 0x0000000096600000| Updating 
|  93|0x0000000096700000, 0x0000000096800000, 0x0000000096800000|100%| O|  |TAMS 0x0000000096800000, 0x0000000096700000| Updating 
|  94|0x0000000096800000, 0x0000000096900000, 0x0000000096900000|100%| O|  |TAMS 0x0000000096900000, 0x0000000096800000| Updating 
|  95|0x0000000096900000, 0x0000000096a00000, 0x0000000096a00000|100%| O|  |TAMS 0x0000000096a00000, 0x0000000096900000| Updating 
|  96|0x0000000096a00000, 0x0000000096b00000, 0x0000000096b00000|100%| O|  |TAMS 0x0000000096b00000, 0x0000000096a00000| Updating 
|  97|0x0000000096b00000, 0x0000000096c00000, 0x0000000096c00000|100%| O|  |TAMS 0x0000000096c00000, 0x0000000096b00000| Updating 
|  98|0x0000000096c00000, 0x0000000096d00000, 0x0000000096d00000|100%| O|  |TAMS 0x0000000096d00000, 0x0000000096c00000| Updating 
|  99|0x0000000096d00000, 0x0000000096e00000, 0x0000000096e00000|100%|HS|  |TAMS 0x0000000096e00000, 0x0000000096d00000| Complete 
| 100|0x0000000096e00000, 0x0000000096f00000, 0x0000000096f00000|100%|HC|  |TAMS 0x0000000096f00000, 0x0000000096e00000| Complete 
| 101|0x0000000096f00000, 0x0000000097000000, 0x0000000097000000|100%|HC|  |TAMS 0x0000000097000000, 0x0000000096f00000| Complete 
| 102|0x0000000097000000, 0x0000000097100000, 0x0000000097100000|100%|HC|  |TAMS 0x0000000097100000, 0x0000000097000000| Complete 
| 103|0x0000000097100000, 0x0000000097200000, 0x0000000097200000|100%|HC|  |TAMS 0x0000000097200000, 0x0000000097100000| Complete 
| 104|0x0000000097200000, 0x0000000097300000, 0x0000000097300000|100%|HS|  |TAMS 0x0000000097300000, 0x0000000097200000| Complete 
| 105|0x0000000097300000, 0x0000000097400000, 0x0000000097400000|100%|HC|  |TAMS 0x0000000097400000, 0x0000000097300000| Complete 
| 106|0x0000000097400000, 0x0000000097500000, 0x0000000097500000|100%|HC|  |TAMS 0x0000000097500000, 0x0000000097400000| Complete 
| 107|0x0000000097500000, 0x0000000097600000, 0x0000000097600000|100%|HC|  |TAMS 0x0000000097600000, 0x0000000097500000| Complete 
| 108|0x0000000097600000, 0x0000000097700000, 0x0000000097700000|100%|HC|  |TAMS 0x0000000097700000, 0x0000000097600000| Complete 
| 109|0x0000000097700000, 0x0000000097800000, 0x0000000097800000|100%|HS|  |TAMS 0x0000000097800000, 0x0000000097700000| Complete 
| 110|0x0000000097800000, 0x0000000097900000, 0x0000000097900000|100%|HC|  |TAMS 0x0000000097900000, 0x0000000097800000| Complete 
| 111|0x0000000097900000, 0x0000000097a00000, 0x0000000097a00000|100%|HC|  |TAMS 0x0000000097a00000, 0x0000000097900000| Complete 
| 112|0x0000000097a00000, 0x0000000097b00000, 0x0000000097b00000|100%|HC|  |TAMS 0x0000000097b00000, 0x0000000097a00000| Complete 
| 113|0x0000000097b00000, 0x0000000097c00000, 0x0000000097c00000|100%|HC|  |TAMS 0x0000000097c00000, 0x0000000097b00000| Complete 
| 114|0x0000000097c00000, 0x0000000097d00000, 0x0000000097d00000|100%|HS|  |TAMS 0x0000000097d00000, 0x0000000097c00000| Complete 
| 115|0x0000000097d00000, 0x0000000097e00000, 0x0000000097e00000|100%|HC|  |TAMS 0x0000000097e00000, 0x0000000097d00000| Complete 
| 116|0x0000000097e00000, 0x0000000097f00000, 0x0000000097f00000|100%|HC|  |TAMS 0x0000000097f00000, 0x0000000097e00000| Complete 
| 117|0x0000000097f00000, 0x0000000098000000, 0x0000000098000000|100%|HC|  |TAMS 0x0000000098000000, 0x0000000097f00000| Complete 
| 118|0x0000000098000000, 0x0000000098100000, 0x0000000098100000|100%|HC|  |TAMS 0x0000000098100000, 0x0000000098000000| Complete 
| 119|0x0000000098100000, 0x0000000098200000, 0x0000000098200000|100%| O|  |TAMS 0x0000000098200000, 0x0000000098100000| Updating 
| 120|0x0000000098200000, 0x0000000098300000, 0x0000000098300000|100%| O|  |TAMS 0x0000000098300000, 0x0000000098200000| Updating 
| 121|0x0000000098300000, 0x0000000098400000, 0x0000000098400000|100%| O|  |TAMS 0x0000000098400000, 0x0000000098300000| Updating 
| 122|0x0000000098400000, 0x0000000098500000, 0x0000000098500000|100%| O|  |TAMS 0x0000000098500000, 0x0000000098400000| Updating 
| 123|0x0000000098500000, 0x0000000098600000, 0x0000000098600000|100%| O|  |TAMS 0x0000000098600000, 0x0000000098500000| Updating 
| 124|0x0000000098600000, 0x0000000098700000, 0x0000000098700000|100%| O|  |TAMS 0x0000000098700000, 0x0000000098600000| Updating 
| 125|0x0000000098700000, 0x0000000098800000, 0x0000000098800000|100%| O|  |TAMS 0x0000000098800000, 0x0000000098700000| Updating 
| 126|0x0000000098800000, 0x0000000098900000, 0x0000000098900000|100%| O|  |TAMS 0x0000000098900000, 0x0000000098800000| Updating 
| 127|0x0000000098900000, 0x0000000098936200, 0x0000000098a00000| 21%| O|  |TAMS 0x0000000098936200, 0x0000000098900000| Updating 
| 128|0x0000000098a00000, 0x0000000098a00000, 0x0000000098b00000|  0%| F|  |TAMS 0x0000000098a00000, 0x0000000098a00000| Untracked 
| 129|0x0000000098b00000, 0x0000000098b00000, 0x0000000098c00000|  0%| F|  |TAMS 0x0000000098b00000, 0x0000000098b00000| Untracked 
| 130|0x0000000098c00000, 0x0000000098c00000, 0x0000000098d00000|  0%| F|  |TAMS 0x0000000098c00000, 0x0000000098c00000| Untracked 
| 131|0x0000000098d00000, 0x0000000098d00000, 0x0000000098e00000|  0%| F|  |TAMS 0x0000000098d00000, 0x0000000098d00000| Untracked 
| 132|0x0000000098e00000, 0x0000000098f00000, 0x0000000098f00000|100%|HS|  |TAMS 0x0000000098f00000, 0x0000000098e00000| Complete 
| 133|0x0000000098f00000, 0x0000000099000000, 0x0000000099000000|100%|HC|  |TAMS 0x0000000099000000, 0x0000000098f00000| Complete 
| 134|0x0000000099000000, 0x0000000099100000, 0x0000000099100000|100%|HC|  |TAMS 0x0000000099100000, 0x0000000099000000| Complete 
| 135|0x0000000099100000, 0x0000000099200000, 0x0000000099200000|100%|HC|  |TAMS 0x0000000099200000, 0x0000000099100000| Complete 
| 136|0x0000000099200000, 0x0000000099300000, 0x0000000099300000|100%|HC|  |TAMS 0x0000000099300000, 0x0000000099200000| Complete 
| 137|0x0000000099300000, 0x0000000099400000, 0x0000000099400000|100%|HS|  |TAMS 0x0000000099400000, 0x0000000099300000| Complete 
| 138|0x0000000099400000, 0x0000000099500000, 0x0000000099500000|100%|HC|  |TAMS 0x0000000099500000, 0x0000000099400000| Complete 
| 139|0x0000000099500000, 0x0000000099600000, 0x0000000099600000|100%|HC|  |TAMS 0x0000000099600000, 0x0000000099500000| Complete 
| 140|0x0000000099600000, 0x0000000099700000, 0x0000000099700000|100%|HC|  |TAMS 0x0000000099700000, 0x0000000099600000| Complete 
| 141|0x0000000099700000, 0x0000000099800000, 0x0000000099800000|100%|HC|  |TAMS 0x0000000099800000, 0x0000000099700000| Complete 
| 142|0x0000000099800000, 0x0000000099900000, 0x0000000099900000|100%| O|  |TAMS 0x0000000099900000, 0x0000000099800000| Updating 
| 143|0x0000000099900000, 0x0000000099a00000, 0x0000000099a00000|100%| O|  |TAMS 0x0000000099a00000, 0x0000000099900000| Updating 
| 144|0x0000000099a00000, 0x0000000099b00000, 0x0000000099b00000|100%| O|  |TAMS 0x0000000099b00000, 0x0000000099a00000| Updating 
| 145|0x0000000099b00000, 0x0000000099c00000, 0x0000000099c00000|100%| O|  |TAMS 0x0000000099c00000, 0x0000000099b00000| Updating 
| 146|0x0000000099c00000, 0x0000000099d00000, 0x0000000099d00000|100%| O|  |TAMS 0x0000000099d00000, 0x0000000099c00000| Updating 
| 147|0x0000000099d00000, 0x0000000099e00000, 0x0000000099e00000|100%| O|  |TAMS 0x0000000099e00000, 0x0000000099d00000| Updating 
| 148|0x0000000099e00000, 0x0000000099f00000, 0x0000000099f00000|100%| O|  |TAMS 0x0000000099f00000, 0x0000000099e00000| Updating 
| 149|0x0000000099f00000, 0x000000009a000000, 0x000000009a000000|100%| O|  |TAMS 0x000000009a000000, 0x0000000099f00000| Updating 
| 150|0x000000009a000000, 0x000000009a100000, 0x000000009a100000|100%| O|  |TAMS 0x000000009a100000, 0x000000009a000000| Updating 
| 151|0x000000009a100000, 0x000000009a200000, 0x000000009a200000|100%|HS|  |TAMS 0x000000009a200000, 0x000000009a100000| Complete 
| 152|0x000000009a200000, 0x000000009a300000, 0x000000009a300000|100%|HC|  |TAMS 0x000000009a300000, 0x000000009a200000| Complete 
| 153|0x000000009a300000, 0x000000009a400000, 0x000000009a400000|100%|HC|  |TAMS 0x000000009a400000, 0x000000009a300000| Complete 
| 154|0x000000009a400000, 0x000000009a500000, 0x000000009a500000|100%|HC|  |TAMS 0x000000009a500000, 0x000000009a400000| Complete 
| 155|0x000000009a500000, 0x000000009a600000, 0x000000009a600000|100%|HC|  |TAMS 0x000000009a600000, 0x000000009a500000| Complete 
| 156|0x000000009a600000, 0x000000009a700000, 0x000000009a700000|100%|HS|  |TAMS 0x000000009a700000, 0x000000009a600000| Complete 
| 157|0x000000009a700000, 0x000000009a800000, 0x000000009a800000|100%|HC|  |TAMS 0x000000009a800000, 0x000000009a700000| Complete 
| 158|0x000000009a800000, 0x000000009a900000, 0x000000009a900000|100%|HC|  |TAMS 0x000000009a900000, 0x000000009a800000| Complete 
| 159|0x000000009a900000, 0x000000009aa00000, 0x000000009aa00000|100%|HC|  |TAMS 0x000000009aa00000, 0x000000009a900000| Complete 
| 160|0x000000009aa00000, 0x000000009ab00000, 0x000000009ab00000|100%|HC|  |TAMS 0x000000009ab00000, 0x000000009aa00000| Complete 
| 161|0x000000009ab00000, 0x000000009ac00000, 0x000000009ac00000|100%|HS|  |TAMS 0x000000009ac00000, 0x000000009ab00000| Complete 
| 162|0x000000009ac00000, 0x000000009ad00000, 0x000000009ad00000|100%|HC|  |TAMS 0x000000009ad00000, 0x000000009ac00000| Complete 
| 163|0x000000009ad00000, 0x000000009ae00000, 0x000000009ae00000|100%|HC|  |TAMS 0x000000009ae00000, 0x000000009ad00000| Complete 
| 164|0x000000009ae00000, 0x000000009af00000, 0x000000009af00000|100%|HC|  |TAMS 0x000000009af00000, 0x000000009ae00000| Complete 
| 165|0x000000009af00000, 0x000000009b000000, 0x000000009b000000|100%|HC|  |TAMS 0x000000009b000000, 0x000000009af00000| Complete 
| 166|0x000000009b000000, 0x000000009b100000, 0x000000009b100000|100%|HS|  |TAMS 0x000000009b100000, 0x000000009b000000| Complete 
| 167|0x000000009b100000, 0x000000009b200000, 0x000000009b200000|100%|HC|  |TAMS 0x000000009b200000, 0x000000009b100000| Complete 
| 168|0x000000009b200000, 0x000000009b300000, 0x000000009b300000|100%|HC|  |TAMS 0x000000009b300000, 0x000000009b200000| Complete 
| 169|0x000000009b300000, 0x000000009b400000, 0x000000009b400000|100%|HC|  |TAMS 0x000000009b400000, 0x000000009b300000| Complete 
| 170|0x000000009b400000, 0x000000009b500000, 0x000000009b500000|100%|HC|  |TAMS 0x000000009b500000, 0x000000009b400000| Complete 
| 171|0x000000009b500000, 0x000000009b600000, 0x000000009b600000|100%|HS|  |TAMS 0x000000009b600000, 0x000000009b500000| Complete 
| 172|0x000000009b600000, 0x000000009b700000, 0x000000009b700000|100%|HC|  |TAMS 0x000000009b700000, 0x000000009b600000| Complete 
| 173|0x000000009b700000, 0x000000009b800000, 0x000000009b800000|100%|HC|  |TAMS 0x000000009b800000, 0x000000009b700000| Complete 
| 174|0x000000009b800000, 0x000000009b900000, 0x000000009b900000|100%|HC|  |TAMS 0x000000009b900000, 0x000000009b800000| Complete 
| 175|0x000000009b900000, 0x000000009ba00000, 0x000000009ba00000|100%|HC|  |TAMS 0x000000009ba00000, 0x000000009b900000| Complete 
| 176|0x000000009ba00000, 0x000000009bb00000, 0x000000009bb00000|100%|HS|  |TAMS 0x000000009bb00000, 0x000000009ba00000| Complete 
| 177|0x000000009bb00000, 0x000000009bc00000, 0x000000009bc00000|100%|HC|  |TAMS 0x000000009bc00000, 0x000000009bb00000| Complete 
| 178|0x000000009bc00000, 0x000000009bd00000, 0x000000009bd00000|100%|HC|  |TAMS 0x000000009bd00000, 0x000000009bc00000| Complete 
| 179|0x000000009bd00000, 0x000000009be00000, 0x000000009be00000|100%|HC|  |TAMS 0x000000009be00000, 0x000000009bd00000| Complete 
| 180|0x000000009be00000, 0x000000009bf00000, 0x000000009bf00000|100%|HC|  |TAMS 0x000000009bf00000, 0x000000009be00000| Complete 
| 181|0x000000009bf00000, 0x000000009c000000, 0x000000009c000000|100%|HS|  |TAMS 0x000000009c000000, 0x000000009bf00000| Complete 
| 182|0x000000009c000000, 0x000000009c100000, 0x000000009c100000|100%|HC|  |TAMS 0x000000009c100000, 0x000000009c000000| Complete 
| 183|0x000000009c100000, 0x000000009c200000, 0x000000009c200000|100%|HC|  |TAMS 0x000000009c200000, 0x000000009c100000| Complete 
| 184|0x000000009c200000, 0x000000009c300000, 0x000000009c300000|100%|HC|  |TAMS 0x000000009c300000, 0x000000009c200000| Complete 
| 185|0x000000009c300000, 0x000000009c400000, 0x000000009c400000|100%|HC|  |TAMS 0x000000009c400000, 0x000000009c300000| Complete 
| 186|0x000000009c400000, 0x000000009c500000, 0x000000009c500000|100%|HS|  |TAMS 0x000000009c500000, 0x000000009c400000| Complete 
| 187|0x000000009c500000, 0x000000009c600000, 0x000000009c600000|100%|HC|  |TAMS 0x000000009c600000, 0x000000009c500000| Complete 
| 188|0x000000009c600000, 0x000000009c700000, 0x000000009c700000|100%|HC|  |TAMS 0x000000009c700000, 0x000000009c600000| Complete 
| 189|0x000000009c700000, 0x000000009c800000, 0x000000009c800000|100%|HC|  |TAMS 0x000000009c800000, 0x000000009c700000| Complete 
| 190|0x000000009c800000, 0x000000009c900000, 0x000000009c900000|100%|HC|  |TAMS 0x000000009c900000, 0x000000009c800000| Complete 
| 191|0x000000009c900000, 0x000000009ca00000, 0x000000009ca00000|100%|HS|  |TAMS 0x000000009ca00000, 0x000000009c900000| Complete 
| 192|0x000000009ca00000, 0x000000009cb00000, 0x000000009cb00000|100%|HC|  |TAMS 0x000000009cb00000, 0x000000009ca00000| Complete 
| 193|0x000000009cb00000, 0x000000009cc00000, 0x000000009cc00000|100%|HC|  |TAMS 0x000000009cc00000, 0x000000009cb00000| Complete 
| 194|0x000000009cc00000, 0x000000009cd00000, 0x000000009cd00000|100%|HC|  |TAMS 0x000000009cd00000, 0x000000009cc00000| Complete 
| 195|0x000000009cd00000, 0x000000009ce00000, 0x000000009ce00000|100%|HC|  |TAMS 0x000000009ce00000, 0x000000009cd00000| Complete 
| 196|0x000000009ce00000, 0x000000009cf00000, 0x000000009cf00000|100%|HS|  |TAMS 0x000000009ce00000, 0x000000009ce00000| Complete 
| 197|0x000000009cf00000, 0x000000009d000000, 0x000000009d000000|100%|HC|  |TAMS 0x000000009cf00000, 0x000000009cf00000| Complete 
| 198|0x000000009d000000, 0x000000009d100000, 0x000000009d100000|100%|HC|  |TAMS 0x000000009d000000, 0x000000009d000000| Complete 
| 199|0x000000009d100000, 0x000000009d200000, 0x000000009d200000|100%|HC|  |TAMS 0x000000009d100000, 0x000000009d100000| Complete 
| 200|0x000000009d200000, 0x000000009d300000, 0x000000009d300000|100%|HC|  |TAMS 0x000000009d200000, 0x000000009d200000| Complete 
| 201|0x000000009d300000, 0x000000009d300000, 0x000000009d400000|  0%| F|  |TAMS 0x000000009d300000, 0x000000009d300000| Untracked 
| 202|0x000000009d400000, 0x000000009d400000, 0x000000009d500000|  0%| F|  |TAMS 0x000000009d400000, 0x000000009d400000| Untracked 
| 203|0x000000009d500000, 0x000000009d500000, 0x000000009d600000|  0%| F|  |TAMS 0x000000009d500000, 0x000000009d500000| Untracked 
| 204|0x000000009d600000, 0x000000009d600000, 0x000000009d700000|  0%| F|  |TAMS 0x000000009d600000, 0x000000009d600000| Untracked 
| 205|0x000000009d700000, 0x000000009d700000, 0x000000009d800000|  0%| F|  |TAMS 0x000000009d700000, 0x000000009d700000| Untracked 
| 206|0x000000009d800000, 0x000000009d800000, 0x000000009d900000|  0%| F|  |TAMS 0x000000009d800000, 0x000000009d800000| Untracked 
| 207|0x000000009d900000, 0x000000009d900000, 0x000000009da00000|  0%| F|  |TAMS 0x000000009d900000, 0x000000009d900000| Untracked 
| 208|0x000000009da00000, 0x000000009da00000, 0x000000009db00000|  0%| F|  |TAMS 0x000000009da00000, 0x000000009da00000| Untracked 
| 209|0x000000009db00000, 0x000000009db00000, 0x000000009dc00000|  0%| F|  |TAMS 0x000000009db00000, 0x000000009db00000| Untracked 
| 210|0x000000009dc00000, 0x000000009dc00000, 0x000000009dd00000|  0%| F|  |TAMS 0x000000009dc00000, 0x000000009dc00000| Untracked 
| 211|0x000000009dd00000, 0x000000009dd00000, 0x000000009de00000|  0%| F|  |TAMS 0x000000009dd00000, 0x000000009dd00000| Untracked 
| 212|0x000000009de00000, 0x000000009de00000, 0x000000009df00000|  0%| F|  |TAMS 0x000000009de00000, 0x000000009de00000| Untracked 
| 213|0x000000009df00000, 0x000000009df00000, 0x000000009e000000|  0%| F|  |TAMS 0x000000009df00000, 0x000000009df00000| Untracked 
| 214|0x000000009e000000, 0x000000009e000000, 0x000000009e100000|  0%| F|  |TAMS 0x000000009e000000, 0x000000009e000000| Untracked 
| 215|0x000000009e100000, 0x000000009e100000, 0x000000009e200000|  0%| F|  |TAMS 0x000000009e100000, 0x000000009e100000| Untracked 
| 216|0x000000009e200000, 0x000000009e200000, 0x000000009e300000|  0%| F|  |TAMS 0x000000009e200000, 0x000000009e200000| Untracked 
| 217|0x000000009e300000, 0x000000009e300000, 0x000000009e400000|  0%| F|  |TAMS 0x000000009e300000, 0x000000009e300000| Untracked 
| 218|0x000000009e400000, 0x000000009e400000, 0x000000009e500000|  0%| F|  |TAMS 0x000000009e400000, 0x000000009e400000| Untracked 
| 219|0x000000009e500000, 0x000000009e500000, 0x000000009e600000|  0%| F|  |TAMS 0x000000009e500000, 0x000000009e500000| Untracked 
| 220|0x000000009e600000, 0x000000009e600000, 0x000000009e700000|  0%| F|  |TAMS 0x000000009e600000, 0x000000009e600000| Untracked 
| 221|0x000000009e700000, 0x000000009e700000, 0x000000009e800000|  0%| F|  |TAMS 0x000000009e700000, 0x000000009e700000| Untracked 
| 222|0x000000009e800000, 0x000000009e800000, 0x000000009e900000|  0%| F|  |TAMS 0x000000009e800000, 0x000000009e800000| Untracked 
| 223|0x000000009e900000, 0x000000009e900000, 0x000000009ea00000|  0%| F|  |TAMS 0x000000009e900000, 0x000000009e900000| Untracked 
| 224|0x000000009ea00000, 0x000000009ea00000, 0x000000009eb00000|  0%| F|  |TAMS 0x000000009ea00000, 0x000000009ea00000| Untracked 
| 225|0x000000009eb00000, 0x000000009eb00000, 0x000000009ec00000|  0%| F|  |TAMS 0x000000009eb00000, 0x000000009eb00000| Untracked 
| 226|0x000000009ec00000, 0x000000009ec00000, 0x000000009ed00000|  0%| F|  |TAMS 0x000000009ec00000, 0x000000009ec00000| Untracked 
| 227|0x000000009ed00000, 0x000000009ed00000, 0x000000009ee00000|  0%| F|  |TAMS 0x000000009ed00000, 0x000000009ed00000| Untracked 
| 228|0x000000009ee00000, 0x000000009ee00000, 0x000000009ef00000|  0%| F|  |TAMS 0x000000009ee00000, 0x000000009ee00000| Untracked 
| 229|0x000000009ef00000, 0x000000009ef00000, 0x000000009f000000|  0%| F|  |TAMS 0x000000009ef00000, 0x000000009ef00000| Untracked 
| 230|0x000000009f000000, 0x000000009f000000, 0x000000009f100000|  0%| F|  |TAMS 0x000000009f000000, 0x000000009f000000| Untracked 
| 231|0x000000009f100000, 0x000000009f100000, 0x000000009f200000|  0%| F|  |TAMS 0x000000009f100000, 0x000000009f100000| Untracked 
| 232|0x000000009f200000, 0x000000009f200000, 0x000000009f300000|  0%| F|  |TAMS 0x000000009f200000, 0x000000009f200000| Untracked 
| 233|0x000000009f300000, 0x000000009f300000, 0x000000009f400000|  0%| F|  |TAMS 0x000000009f300000, 0x000000009f300000| Untracked 
| 234|0x000000009f400000, 0x000000009f400000, 0x000000009f500000|  0%| F|  |TAMS 0x000000009f400000, 0x000000009f400000| Untracked 
| 235|0x000000009f500000, 0x000000009f500000, 0x000000009f600000|  0%| F|  |TAMS 0x000000009f500000, 0x000000009f500000| Untracked 
| 236|0x000000009f600000, 0x000000009f600000, 0x000000009f700000|  0%| F|  |TAMS 0x000000009f600000, 0x000000009f600000| Untracked 
| 237|0x000000009f700000, 0x000000009f700000, 0x000000009f800000|  0%| F|  |TAMS 0x000000009f700000, 0x000000009f700000| Untracked 
| 238|0x000000009f800000, 0x000000009f800000, 0x000000009f900000|  0%| F|  |TAMS 0x000000009f800000, 0x000000009f800000| Untracked 
| 239|0x000000009f900000, 0x000000009f900000, 0x000000009fa00000|  0%| F|  |TAMS 0x000000009f900000, 0x000000009f900000| Untracked 
| 240|0x000000009fa00000, 0x000000009fa00000, 0x000000009fb00000|  0%| F|  |TAMS 0x000000009fa00000, 0x000000009fa00000| Untracked 
| 241|0x000000009fb00000, 0x000000009fb00000, 0x000000009fc00000|  0%| F|  |TAMS 0x000000009fb00000, 0x000000009fb00000| Untracked 
| 242|0x000000009fc00000, 0x000000009fc00000, 0x000000009fd00000|  0%| F|  |TAMS 0x000000009fc00000, 0x000000009fc00000| Untracked 
| 243|0x000000009fd00000, 0x000000009fd00000, 0x000000009fe00000|  0%| F|  |TAMS 0x000000009fd00000, 0x000000009fd00000| Untracked 
| 244|0x000000009fe00000, 0x000000009fe00000, 0x000000009ff00000|  0%| F|  |TAMS 0x000000009fe00000, 0x000000009fe00000| Untracked 
| 245|0x000000009ff00000, 0x000000009ff00000, 0x00000000a0000000|  0%| F|  |TAMS 0x000000009ff00000, 0x000000009ff00000| Untracked 
| 246|0x00000000a0000000, 0x00000000a0000000, 0x00000000a0100000|  0%| F|  |TAMS 0x00000000a0000000, 0x00000000a0000000| Untracked 
| 247|0x00000000a0100000, 0x00000000a0100000, 0x00000000a0200000|  0%| F|  |TAMS 0x00000000a0100000, 0x00000000a0100000| Untracked 
| 248|0x00000000a0200000, 0x00000000a0200000, 0x00000000a0300000|  0%| F|  |TAMS 0x00000000a0200000, 0x00000000a0200000| Untracked 
| 249|0x00000000a0300000, 0x00000000a0300000, 0x00000000a0400000|  0%| F|  |TAMS 0x00000000a0300000, 0x00000000a0300000| Untracked 
| 250|0x00000000a0400000, 0x00000000a0400000, 0x00000000a0500000|  0%| F|  |TAMS 0x00000000a0400000, 0x00000000a0400000| Untracked 
| 251|0x00000000a0500000, 0x00000000a0500000, 0x00000000a0600000|  0%| F|  |TAMS 0x00000000a0500000, 0x00000000a0500000| Untracked 
| 252|0x00000000a0600000, 0x00000000a0600000, 0x00000000a0700000|  0%| F|  |TAMS 0x00000000a0600000, 0x00000000a0600000| Untracked 
| 253|0x00000000a0700000, 0x00000000a0700000, 0x00000000a0800000|  0%| F|  |TAMS 0x00000000a0700000, 0x00000000a0700000| Untracked 
| 254|0x00000000a0800000, 0x00000000a0800000, 0x00000000a0900000|  0%| F|  |TAMS 0x00000000a0800000, 0x00000000a0800000| Untracked 
| 255|0x00000000a0900000, 0x00000000a0900000, 0x00000000a0a00000|  0%| F|  |TAMS 0x00000000a0900000, 0x00000000a0900000| Untracked 
| 256|0x00000000a0a00000, 0x00000000a0a00000, 0x00000000a0b00000|  0%| F|  |TAMS 0x00000000a0a00000, 0x00000000a0a00000| Untracked 
| 257|0x00000000a0b00000, 0x00000000a0b00000, 0x00000000a0c00000|  0%| F|  |TAMS 0x00000000a0b00000, 0x00000000a0b00000| Untracked 
| 258|0x00000000a0c00000, 0x00000000a0c00000, 0x00000000a0d00000|  0%| F|  |TAMS 0x00000000a0c00000, 0x00000000a0c00000| Untracked 
| 259|0x00000000a0d00000, 0x00000000a0d00000, 0x00000000a0e00000|  0%| F|  |TAMS 0x00000000a0d00000, 0x00000000a0d00000| Untracked 
| 260|0x00000000a0e00000, 0x00000000a0e00000, 0x00000000a0f00000|  0%| F|  |TAMS 0x00000000a0e00000, 0x00000000a0e00000| Untracked 
| 261|0x00000000a0f00000, 0x00000000a0f00000, 0x00000000a1000000|  0%| F|  |TAMS 0x00000000a0f00000, 0x00000000a0f00000| Untracked 
| 262|0x00000000a1000000, 0x00000000a1000000, 0x00000000a1100000|  0%| F|  |TAMS 0x00000000a1000000, 0x00000000a1000000| Untracked 
| 263|0x00000000a1100000, 0x00000000a1100000, 0x00000000a1200000|  0%| F|  |TAMS 0x00000000a1100000, 0x00000000a1100000| Untracked 
| 264|0x00000000a1200000, 0x00000000a1200000, 0x00000000a1300000|  0%| F|  |TAMS 0x00000000a1200000, 0x00000000a1200000| Untracked 
| 265|0x00000000a1300000, 0x00000000a1300000, 0x00000000a1400000|  0%| F|  |TAMS 0x00000000a1300000, 0x00000000a1300000| Untracked 
| 266|0x00000000a1400000, 0x00000000a1400000, 0x00000000a1500000|  0%| F|  |TAMS 0x00000000a1400000, 0x00000000a1400000| Untracked 
| 267|0x00000000a1500000, 0x00000000a1500000, 0x00000000a1600000|  0%| F|  |TAMS 0x00000000a1500000, 0x00000000a1500000| Untracked 
| 268|0x00000000a1600000, 0x00000000a1600000, 0x00000000a1700000|  0%| F|  |TAMS 0x00000000a1600000, 0x00000000a1600000| Untracked 
| 269|0x00000000a1700000, 0x00000000a1700000, 0x00000000a1800000|  0%| F|  |TAMS 0x00000000a1700000, 0x00000000a1700000| Untracked 
| 270|0x00000000a1800000, 0x00000000a1800000, 0x00000000a1900000|  0%| F|  |TAMS 0x00000000a1800000, 0x00000000a1800000| Untracked 
| 271|0x00000000a1900000, 0x00000000a1900000, 0x00000000a1a00000|  0%| F|  |TAMS 0x00000000a1900000, 0x00000000a1900000| Untracked 
| 272|0x00000000a1a00000, 0x00000000a1a00000, 0x00000000a1b00000|  0%| F|  |TAMS 0x00000000a1a00000, 0x00000000a1a00000| Untracked 
| 273|0x00000000a1b00000, 0x00000000a1b00000, 0x00000000a1c00000|  0%| F|  |TAMS 0x00000000a1b00000, 0x00000000a1b00000| Untracked 
| 274|0x00000000a1c00000, 0x00000000a1c00000, 0x00000000a1d00000|  0%| F|  |TAMS 0x00000000a1c00000, 0x00000000a1c00000| Untracked 
| 275|0x00000000a1d00000, 0x00000000a1d00000, 0x00000000a1e00000|  0%| F|  |TAMS 0x00000000a1d00000, 0x00000000a1d00000| Untracked 
| 276|0x00000000a1e00000, 0x00000000a1e00000, 0x00000000a1f00000|  0%| F|  |TAMS 0x00000000a1e00000, 0x00000000a1e00000| Untracked 
| 277|0x00000000a1f00000, 0x00000000a1f00000, 0x00000000a2000000|  0%| F|  |TAMS 0x00000000a1f00000, 0x00000000a1f00000| Untracked 
| 278|0x00000000a2000000, 0x00000000a2000000, 0x00000000a2100000|  0%| F|  |TAMS 0x00000000a2000000, 0x00000000a2000000| Untracked 
| 279|0x00000000a2100000, 0x00000000a2100000, 0x00000000a2200000|  0%| F|  |TAMS 0x00000000a2100000, 0x00000000a2100000| Untracked 
| 280|0x00000000a2200000, 0x00000000a2200000, 0x00000000a2300000|  0%| F|  |TAMS 0x00000000a2200000, 0x00000000a2200000| Untracked 
| 281|0x00000000a2300000, 0x00000000a2300000, 0x00000000a2400000|  0%| F|  |TAMS 0x00000000a2300000, 0x00000000a2300000| Untracked 
| 282|0x00000000a2400000, 0x00000000a2400000, 0x00000000a2500000|  0%| F|  |TAMS 0x00000000a2400000, 0x00000000a2400000| Untracked 
| 283|0x00000000a2500000, 0x00000000a2500000, 0x00000000a2600000|  0%| F|  |TAMS 0x00000000a2500000, 0x00000000a2500000| Untracked 
| 284|0x00000000a2600000, 0x00000000a2600000, 0x00000000a2700000|  0%| F|  |TAMS 0x00000000a2600000, 0x00000000a2600000| Untracked 
| 285|0x00000000a2700000, 0x00000000a2700000, 0x00000000a2800000|  0%| F|  |TAMS 0x00000000a2700000, 0x00000000a2700000| Untracked 
| 286|0x00000000a2800000, 0x00000000a2800000, 0x00000000a2900000|  0%| F|  |TAMS 0x00000000a2800000, 0x00000000a2800000| Untracked 
| 287|0x00000000a2900000, 0x00000000a2900000, 0x00000000a2a00000|  0%| F|  |TAMS 0x00000000a2900000, 0x00000000a2900000| Untracked 
| 288|0x00000000a2a00000, 0x00000000a2a00000, 0x00000000a2b00000|  0%| F|  |TAMS 0x00000000a2a00000, 0x00000000a2a00000| Untracked 
| 289|0x00000000a2b00000, 0x00000000a2b00000, 0x00000000a2c00000|  0%| F|  |TAMS 0x00000000a2b00000, 0x00000000a2b00000| Untracked 
| 290|0x00000000a2c00000, 0x00000000a2c00000, 0x00000000a2d00000|  0%| F|  |TAMS 0x00000000a2c00000, 0x00000000a2c00000| Untracked 
| 291|0x00000000a2d00000, 0x00000000a2d00000, 0x00000000a2e00000|  0%| F|  |TAMS 0x00000000a2d00000, 0x00000000a2d00000| Untracked 
| 292|0x00000000a2e00000, 0x00000000a2e00000, 0x00000000a2f00000|  0%| F|  |TAMS 0x00000000a2e00000, 0x00000000a2e00000| Untracked 
| 293|0x00000000a2f00000, 0x00000000a2f00000, 0x00000000a3000000|  0%| F|  |TAMS 0x00000000a2f00000, 0x00000000a2f00000| Untracked 
| 294|0x00000000a3000000, 0x00000000a3000000, 0x00000000a3100000|  0%| F|  |TAMS 0x00000000a3000000, 0x00000000a3000000| Untracked 
| 295|0x00000000a3100000, 0x00000000a3100000, 0x00000000a3200000|  0%| F|  |TAMS 0x00000000a3100000, 0x00000000a3100000| Untracked 
| 296|0x00000000a3200000, 0x00000000a3200000, 0x00000000a3300000|  0%| F|  |TAMS 0x00000000a3200000, 0x00000000a3200000| Untracked 
| 297|0x00000000a3300000, 0x00000000a3300000, 0x00000000a3400000|  0%| F|  |TAMS 0x00000000a3300000, 0x00000000a3300000| Untracked 
| 298|0x00000000a3400000, 0x00000000a3400000, 0x00000000a3500000|  0%| F|  |TAMS 0x00000000a3400000, 0x00000000a3400000| Untracked 
| 299|0x00000000a3500000, 0x00000000a3500000, 0x00000000a3600000|  0%| F|  |TAMS 0x00000000a3500000, 0x00000000a3500000| Untracked 
| 300|0x00000000a3600000, 0x00000000a3600000, 0x00000000a3700000|  0%| F|  |TAMS 0x00000000a3600000, 0x00000000a3600000| Untracked 
| 301|0x00000000a3700000, 0x00000000a3700000, 0x00000000a3800000|  0%| F|  |TAMS 0x00000000a3700000, 0x00000000a3700000| Untracked 
| 302|0x00000000a3800000, 0x00000000a3800000, 0x00000000a3900000|  0%| F|  |TAMS 0x00000000a3800000, 0x00000000a3800000| Untracked 
| 303|0x00000000a3900000, 0x00000000a3900000, 0x00000000a3a00000|  0%| F|  |TAMS 0x00000000a3900000, 0x00000000a3900000| Untracked 
| 304|0x00000000a3a00000, 0x00000000a3a00000, 0x00000000a3b00000|  0%| F|  |TAMS 0x00000000a3a00000, 0x00000000a3a00000| Untracked 
| 305|0x00000000a3b00000, 0x00000000a3b00000, 0x00000000a3c00000|  0%| F|  |TAMS 0x00000000a3b00000, 0x00000000a3b00000| Untracked 
| 306|0x00000000a3c00000, 0x00000000a3c00000, 0x00000000a3d00000|  0%| F|  |TAMS 0x00000000a3c00000, 0x00000000a3c00000| Untracked 
| 307|0x00000000a3d00000, 0x00000000a3d00000, 0x00000000a3e00000|  0%| F|  |TAMS 0x00000000a3d00000, 0x00000000a3d00000| Untracked 
| 308|0x00000000a3e00000, 0x00000000a3e00000, 0x00000000a3f00000|  0%| F|  |TAMS 0x00000000a3e00000, 0x00000000a3e00000| Untracked 
| 309|0x00000000a3f00000, 0x00000000a3f00000, 0x00000000a4000000|  0%| F|  |TAMS 0x00000000a3f00000, 0x00000000a3f00000| Untracked 
| 310|0x00000000a4000000, 0x00000000a4000000, 0x00000000a4100000|  0%| F|  |TAMS 0x00000000a4000000, 0x00000000a4000000| Untracked 
| 311|0x00000000a4100000, 0x00000000a4100000, 0x00000000a4200000|  0%| F|  |TAMS 0x00000000a4100000, 0x00000000a4100000| Untracked 
| 312|0x00000000a4200000, 0x00000000a4200000, 0x00000000a4300000|  0%| F|  |TAMS 0x00000000a4200000, 0x00000000a4200000| Untracked 
| 313|0x00000000a4300000, 0x00000000a4300000, 0x00000000a4400000|  0%| F|  |TAMS 0x00000000a4300000, 0x00000000a4300000| Untracked 
| 314|0x00000000a4400000, 0x00000000a4400000, 0x00000000a4500000|  0%| F|  |TAMS 0x00000000a4400000, 0x00000000a4400000| Untracked 
| 315|0x00000000a4500000, 0x00000000a4500000, 0x00000000a4600000|  0%| F|  |TAMS 0x00000000a4500000, 0x00000000a4500000| Untracked 
| 316|0x00000000a4600000, 0x00000000a4600000, 0x00000000a4700000|  0%| F|  |TAMS 0x00000000a4600000, 0x00000000a4600000| Untracked 
| 317|0x00000000a4700000, 0x00000000a4700000, 0x00000000a4800000|  0%| F|  |TAMS 0x00000000a4700000, 0x00000000a4700000| Untracked 
| 318|0x00000000a4800000, 0x00000000a4800000, 0x00000000a4900000|  0%| F|  |TAMS 0x00000000a4800000, 0x00000000a4800000| Untracked 
| 319|0x00000000a4900000, 0x00000000a4900000, 0x00000000a4a00000|  0%| F|  |TAMS 0x00000000a4900000, 0x00000000a4900000| Untracked 
| 320|0x00000000a4a00000, 0x00000000a4a00000, 0x00000000a4b00000|  0%| F|  |TAMS 0x00000000a4a00000, 0x00000000a4a00000| Untracked 
| 321|0x00000000a4b00000, 0x00000000a4b00000, 0x00000000a4c00000|  0%| F|  |TAMS 0x00000000a4b00000, 0x00000000a4b00000| Untracked 
| 322|0x00000000a4c00000, 0x00000000a4c5ab38, 0x00000000a4d00000| 35%| E|  |TAMS 0x00000000a4c00000, 0x00000000a4c00000| Complete 
| 323|0x00000000a4d00000, 0x00000000a4daa640, 0x00000000a4e00000| 66%| S|CS|TAMS 0x00000000a4d00000, 0x00000000a4d00000| Complete 
| 324|0x00000000a4e00000, 0x00000000a4f00000, 0x00000000a4f00000|100%| E|CS|TAMS 0x00000000a4e00000, 0x00000000a4e00000| Complete 

Card table byte_map: [0x000001ad72d10000,0x000001ad73090000] _byte_map_base: 0x000001ad7288b000

Marking Bits (Prev, Next): (CMBitMap*) 0x000001ad6a474050, (CMBitMap*) 0x000001ad6a474010
 Prev Bits: [0x000001ad74ff0000, 0x000001ad76bc8000)
 Next Bits: [0x000001ad73410000, 0x000001ad74fe8000)

Polling page: 0x000001ad68270000

Metaspace:

Usage:
  Non-class:     14.83 MB capacity,    14.07 MB ( 95%) used,   749.77 KB (  5%) free+waste,    22.38 KB ( <1%) overhead. 
      Class:      2.25 MB capacity,     2.08 MB ( 93%) used,   160.47 KB (  7%) free+waste,     9.19 KB ( <1%) overhead. 
       Both:     17.07 MB capacity,    16.15 MB ( 95%) used,   910.24 KB (  5%) free+waste,    31.56 KB ( <1%) overhead. 

Virtual space:
  Non-class space:       16.00 MB reserved,      15.00 MB ( 94%) committed 
      Class space:        1.00 GB reserved,       2.25 MB ( <1%) committed 
             Both:        1.02 GB reserved,      17.25 MB (  2%) committed 

Chunk freelists:
   Non-Class:  51.00 KB
       Class:  2.00 KB
        Both:  53.00 KB

MaxMetaspaceSize: 17179869184.00 GB
CompressedClassSpaceSize: 1.00 GB

CodeHeap 'non-profiled nmethods': size=120000Kb used=2395Kb max_used=2395Kb free=117604Kb
 bounds [0x000001ad07ad0000, 0x000001ad07d40000, 0x000001ad0f000000]
CodeHeap 'profiled nmethods': size=120000Kb used=9045Kb max_used=9045Kb free=110954Kb
 bounds [0x000001ad005a0000, 0x000001ad00e80000, 0x000001ad07ad0000]
CodeHeap 'non-nmethods': size=5760Kb used=1439Kb max_used=1493Kb free=4320Kb
 bounds [0x000001ad00000000, 0x000001ad00270000, 0x000001ad005a0000]
 total_blobs=5432 nmethods=4660 adapters=682
 compilation: enabled
              stopped_count=0, restarted_count=0
 full_count=0

Compilation events (20 events):
Event: 27.501 Thread 0x000001ad795fd110 nmethod 4651% 0x000001ad07d1b390 code [0x000001ad07d1b800, 0x000001ad07d20f28]
Event: 27.544 Thread 0x000001ad795fd110 4657       4       com.sun.javafx.scene.NodeHelper::geomChanged (9 bytes)
Event: 27.553 Thread 0x000001ad795fd110 nmethod 4657 0x000001ad07d24390 code [0x000001ad07d24520, 0x000001ad07d245f8]
Event: 27.684 Thread 0x000001ad795fd110 4658       4       java.io.Writer::write (11 bytes)
Event: 27.685 Thread 0x000001ad796012f0 4659       3       jdk.internal.loader.BuiltinClassLoader$2::run (5 bytes)
Event: 27.685 Thread 0x000001ad796012f0 nmethod 4659 0x000001ad00e73090 code [0x000001ad00e73240, 0x000001ad00e73388]
Event: 27.694 Thread 0x000001ad795fd110 nmethod 4658 0x000001ad07d24790 code [0x000001ad07d24940, 0x000001ad07d24d48]
Event: 27.862 Thread 0x000001ad795fd110 4660 %     4       com.sun.javafx.iio.png.PNGImageLoader2::loadMip @ 92 (269 bytes)
Event: 27.864 Thread 0x000001ad796012f0 4661       3       javafx.scene.SubScene::markDirty (20 bytes)
Event: 27.866 Thread 0x000001ad796012f0 nmethod 4661 0x000001ad00e73410 code [0x000001ad00e735e0, 0x000001ad00e739d8]
Event: 27.866 Thread 0x000001ad796012f0 4662       3       javafx.scene.SubScene::setDirty (14 bytes)
Event: 27.866 Thread 0x000001ad796012f0 nmethod 4662 0x000001ad00e73b90 code [0x000001ad00e73d20, 0x000001ad00e73e58]
Event: 27.900 Thread 0x000001ad795fd110 nmethod 4660% 0x000001ad07d25010 code [0x000001ad07d251e0, 0x000001ad07d25e08]
Event: 28.035 Thread 0x000001ad796012f0 4663       3       com.sun.prism.impl.ManagedResource::_isgone (42 bytes)
Event: 28.036 Thread 0x000001ad796012f0 nmethod 4663 0x000001ad00e73f10 code [0x000001ad00e740e0, 0x000001ad00e74478]
Event: 28.111 Thread 0x000001ad795fd110 4664       4       java.util.concurrent.CountDownLatch$Sync::tryAcquireShared (13 bytes)
Event: 28.113 Thread 0x000001ad795fd110 nmethod 4664 0x000001ad07d26490 code [0x000001ad07d26600, 0x000001ad07d26678]
Event: 28.166 Thread 0x000001ad795fd110 4665       4       javafx.scene.Node::prefWidth (27 bytes)
Event: 28.176 Thread 0x000001ad795fd110 nmethod 4665 0x000001ad07d26790 code [0x000001ad07d26920, 0x000001ad07d26b68]
Event: 28.583 Thread 0x000001ad795fd110 4666       4       com.sun.javafx.css.SelectorPartitioning::match (700 bytes)

GC Heap History (20 events):
Event: 27.415 GC heap before
{Heap before GC invocations=40 (full 0):
 garbage-first heap   total 280576K, used 157598K [0x0000000090a00000, 0x0000000100000000)
  region size 1024K, 32 young (32768K), 18 survivors (18432K)
 Metaspace       used 16538K, capacity 17483K, committed 17664K, reserved 1064960K
  class space    used 2132K, capacity 2302K, committed 2304K, reserved 1048576K
}
Event: 27.428 GC heap after
{Heap after GC invocations=41 (full 0):
 garbage-first heap   total 280576K, used 144283K [0x0000000090a00000, 0x0000000100000000)
  region size 1024K, 10 young (10240K), 10 survivors (10240K)
 Metaspace       used 16538K, capacity 17483K, committed 17664K, reserved 1064960K
  class space    used 2132K, capacity 2302K, committed 2304K, reserved 1048576K
}
Event: 27.546 GC heap before
{Heap before GC invocations=42 (full 0):
 garbage-first heap   total 280576K, used 151451K [0x0000000090a00000, 0x0000000100000000)
  region size 1024K, 13 young (13312K), 10 survivors (10240K)
 Metaspace       used 16538K, capacity 17483K, committed 17664K, reserved 1064960K
  class space    used 2132K, capacity 2302K, committed 2304K, reserved 1048576K
}
Event: 27.552 GC heap after
{Heap after GC invocations=43 (full 0):
 garbage-first heap   total 280576K, used 149958K [0x0000000090a00000, 0x0000000100000000)
  region size 1024K, 1 young (1024K), 1 survivors (1024K)
 Metaspace       used 16538K, capacity 17483K, committed 17664K, reserved 1064960K
  class space    used 2132K, capacity 2302K, committed 2304K, reserved 1048576K
}
Event: 27.688 GC heap before
{Heap before GC invocations=44 (full 0):
 garbage-first heap   total 280576K, used 157126K [0x0000000090a00000, 0x0000000100000000)
  region size 1024K, 4 young (4096K), 1 survivors (1024K)
 Metaspace       used 16539K, capacity 17483K, committed 17664K, reserved 1064960K
  class space    used 2132K, capacity 2302K, committed 2304K, reserved 1048576K
}
Event: 27.690 GC heap after
{Heap after GC invocations=45 (full 0):
 garbage-first heap   total 280576K, used 154819K [0x0000000090a00000, 0x0000000100000000)
  region size 1024K, 1 young (1024K), 1 survivors (1024K)
 Metaspace       used 16539K, capacity 17483K, committed 17664K, reserved 1064960K
  class space    used 2132K, capacity 2302K, committed 2304K, reserved 1048576K
}
Event: 27.868 GC heap before
{Heap before GC invocations=46 (full 0):
 garbage-first heap   total 280576K, used 163011K [0x0000000090a00000, 0x0000000100000000)
  region size 1024K, 5 young (5120K), 1 survivors (1024K)
 Metaspace       used 16539K, capacity 17483K, committed 17664K, reserved 1064960K
  class space    used 2132K, capacity 2302K, committed 2304K, reserved 1048576K
}
Event: 27.872 GC heap after
{Heap after GC invocations=47 (full 0):
 garbage-first heap   total 280576K, used 159933K [0x0000000090a00000, 0x0000000100000000)
  region size 1024K, 1 young (1024K), 1 survivors (1024K)
 Metaspace       used 16539K, capacity 17483K, committed 17664K, reserved 1064960K
  class space    used 2132K, capacity 2302K, committed 2304K, reserved 1048576K
}
Event: 27.985 GC heap before
{Heap before GC invocations=48 (full 0):
 garbage-first heap   total 281600K, used 167101K [0x0000000090a00000, 0x0000000100000000)
  region size 1024K, 4 young (4096K), 1 survivors (1024K)
 Metaspace       used 16539K, capacity 17483K, committed 17664K, reserved 1064960K
  class space    used 2132K, capacity 2302K, committed 2304K, reserved 1048576K
}
Event: 27.987 GC heap after
{Heap after GC invocations=49 (full 0):
 garbage-first heap   total 281600K, used 165093K [0x0000000090a00000, 0x0000000100000000)
  region size 1024K, 1 young (1024K), 1 survivors (1024K)
 Metaspace       used 16539K, capacity 17483K, committed 17664K, reserved 1064960K
  class space    used 2132K, capacity 2302K, committed 2304K, reserved 1048576K
}
Event: 28.119 GC heap before
{Heap before GC invocations=50 (full 0):
 garbage-first heap   total 290816K, used 172261K [0x0000000090a00000, 0x0000000100000000)
  region size 1024K, 4 young (4096K), 1 survivors (1024K)
 Metaspace       used 16539K, capacity 17483K, committed 17664K, reserved 1064960K
  class space    used 2132K, capacity 2302K, committed 2304K, reserved 1048576K
}
Event: 28.121 GC heap after
{Heap after GC invocations=51 (full 0):
 garbage-first heap   total 290816K, used 170262K [0x0000000090a00000, 0x0000000100000000)
  region size 1024K, 1 young (1024K), 1 survivors (1024K)
 Metaspace       used 16539K, capacity 17483K, committed 17664K, reserved 1064960K
  class space    used 2132K, capacity 2302K, committed 2304K, reserved 1048576K
}
Event: 28.342 GC heap before
{Heap before GC invocations=52 (full 0):
 garbage-first heap   total 299008K, used 178454K [0x0000000090a00000, 0x0000000100000000)
  region size 1024K, 5 young (5120K), 1 survivors (1024K)
 Metaspace       used 16539K, capacity 17483K, committed 17664K, reserved 1064960K
  class space    used 2132K, capacity 2302K, committed 2304K, reserved 1048576K
}
Event: 28.346 GC heap after
{Heap after GC invocations=53 (full 0):
 garbage-first heap   total 299008K, used 175421K [0x0000000090a00000, 0x0000000100000000)
  region size 1024K, 1 young (1024K), 1 survivors (1024K)
 Metaspace       used 16539K, capacity 17483K, committed 17664K, reserved 1064960K
  class space    used 2132K, capacity 2302K, committed 2304K, reserved 1048576K
}
Event: 28.486 GC heap before
{Heap before GC invocations=54 (full 0):
 garbage-first heap   total 307200K, used 183613K [0x0000000090a00000, 0x0000000100000000)
  region size 1024K, 5 young (5120K), 1 survivors (1024K)
 Metaspace       used 16539K, capacity 17483K, committed 17664K, reserved 1064960K
  class space    used 2132K, capacity 2302K, committed 2304K, reserved 1048576K
}
Event: 28.489 GC heap after
{Heap after GC invocations=55 (full 0):
 garbage-first heap   total 307200K, used 180585K [0x0000000090a00000, 0x0000000100000000)
  region size 1024K, 1 young (1024K), 1 survivors (1024K)
 Metaspace       used 16539K, capacity 17483K, committed 17664K, reserved 1064960K
  class space    used 2132K, capacity 2302K, committed 2304K, reserved 1048576K
}
Event: 28.586 GC heap before
{Heap before GC invocations=56 (full 0):
 garbage-first heap   total 314368K, used 186729K [0x0000000090a00000, 0x0000000100000000)
  region size 1024K, 3 young (3072K), 1 survivors (1024K)
 Metaspace       used 16539K, capacity 17483K, committed 17664K, reserved 1064960K
  class space    used 2132K, capacity 2302K, committed 2304K, reserved 1048576K
}
Event: 28.588 GC heap after
{Heap after GC invocations=57 (full 0):
 garbage-first heap   total 314368K, used 185738K [0x0000000090a00000, 0x0000000100000000)
  region size 1024K, 1 young (1024K), 1 survivors (1024K)
 Metaspace       used 16539K, capacity 17483K, committed 17664K, reserved 1064960K
  class space    used 2132K, capacity 2302K, committed 2304K, reserved 1048576K
}
Event: 28.709 GC heap before
{Heap before GC invocations=58 (full 0):
 garbage-first heap   total 322560K, used 192906K [0x0000000090a00000, 0x0000000100000000)
  region size 1024K, 4 young (4096K), 1 survivors (1024K)
 Metaspace       used 16539K, capacity 17483K, committed 17664K, reserved 1064960K
  class space    used 2132K, capacity 2302K, committed 2304K, reserved 1048576K
}
Event: 28.712 GC heap after
{Heap after GC invocations=59 (full 0):
 garbage-first heap   total 322560K, used 190904K [0x0000000090a00000, 0x0000000100000000)
  region size 1024K, 1 young (1024K), 1 survivors (1024K)
 Metaspace       used 16539K, capacity 17483K, committed 17664K, reserved 1064960K
  class space    used 2132K, capacity 2302K, committed 2304K, reserved 1048576K
}

Deoptimization events (20 events):
Event: 26.288 Thread 0x000001ad14bd4f50 DEOPT PACKING pc=0x000001ad07d077d4 sp=0x0000003f095fe3c0
Event: 26.288 Thread 0x000001ad14bd4f50 DEOPT UNPACKING pc=0x000001ad0004e42f sp=0x0000003f095fe368 mode 2
Event: 26.289 Thread 0x000001ad14bd4f50 Uncommon trap: trap_request=0xffffffd6 fr.pc=0x000001ad07d077d4 relative=0x0000000000000214
Event: 26.289 Thread 0x000001ad14bd4f50 Uncommon trap: reason=array_check action=maybe_recompile pc=0x000001ad07d077d4 method=javafx.css.SimpleSelector.applies(Ljavafx/css/Styleable;[Ljava/util/Set;I)Z @ 37 c2
Event: 26.289 Thread 0x000001ad14bd4f50 DEOPT PACKING pc=0x000001ad07d077d4 sp=0x0000003f095fe040
Event: 26.289 Thread 0x000001ad14bd4f50 DEOPT UNPACKING pc=0x000001ad0004e42f sp=0x0000003f095fdfe8 mode 2
Event: 26.289 Thread 0x000001ad14bd4f50 Uncommon trap: trap_request=0xffffffd6 fr.pc=0x000001ad07d077d4 relative=0x0000000000000214
Event: 26.289 Thread 0x000001ad14bd4f50 Uncommon trap: reason=array_check action=maybe_recompile pc=0x000001ad07d077d4 method=javafx.css.SimpleSelector.applies(Ljavafx/css/Styleable;[Ljava/util/Set;I)Z @ 37 c2
Event: 26.289 Thread 0x000001ad14bd4f50 DEOPT PACKING pc=0x000001ad07d077d4 sp=0x0000003f095fe040
Event: 26.289 Thread 0x000001ad14bd4f50 DEOPT UNPACKING pc=0x000001ad0004e42f sp=0x0000003f095fdfe8 mode 2
Event: 27.409 Thread 0x000001ad14bd4f50 Uncommon trap: trap_request=0xffffffd6 fr.pc=0x000001ad07d12034 relative=0x00000000000061b4
Event: 27.409 Thread 0x000001ad14bd4f50 Uncommon trap: reason=array_check action=maybe_recompile pc=0x000001ad07d12034 method=javafx.css.SimpleSelector.applies(Ljavafx/css/Styleable;[Ljava/util/Set;I)Z @ 37 c2
Event: 27.409 Thread 0x000001ad14bd4f50 DEOPT PACKING pc=0x000001ad07d12034 sp=0x0000003f095fe2a0
Event: 27.409 Thread 0x000001ad14bd4f50 DEOPT UNPACKING pc=0x000001ad0004e42f sp=0x0000003f095fe270 mode 2
Event: 27.938 Thread 0x000001ad7abc7bc0 Uncommon trap: trap_request=0xffffff45 fr.pc=0x000001ad07c74fc0 relative=0x00000000000000a0
Event: 27.938 Thread 0x000001ad7abc7bc0 Uncommon trap: reason=unstable_if action=reinterpret pc=0x000001ad07c74fc0 method=com.sun.prism.impl.ManagedResource._isgone(Lcom/sun/prism/impl/ManagedResource;)Z @ 1 c2
Event: 27.938 Thread 0x000001ad7abc7bc0 DEOPT PACKING pc=0x000001ad07c74fc0 sp=0x0000003f072fe880
Event: 27.938 Thread 0x000001ad7abc7bc0 DEOPT UNPACKING pc=0x000001ad0004e42f sp=0x0000003f072fe818 mode 2
Event: 28.583 Thread 0x000001ad14bd4f50 DEOPT PACKING pc=0x000001ad00cb3ab0 sp=0x0000003f095fe260
Event: 28.583 Thread 0x000001ad14bd4f50 DEOPT UNPACKING pc=0x000001ad0004e23f sp=0x0000003f095fd750 mode 0

Classes unloaded (0 events):
No events

Classes redefined (0 events):
No events

Internal exceptions (20 events):
Event: 3.716 Thread 0x000001ad7abc7bc0 Exception <a 'java/lang/NoSuchMethodError'{0x000000009738f060}: 'int java.lang.invoke.DirectMethodHandle$Holder.invokeStaticInit(java.lang.Object, java.lang.Object)'> (0x000000009738f060) 
thrown [./open/src/hotspot/share/interpreter/linkResolver.cpp, line 782]
Event: 3.850 Thread 0x000001ad7a360ee0 Exception <a 'java/lang/UnsatisfiedLinkError'{0x00000000972e96d8}: 'boolean com.sun.media.jfxmediaimpl.NativeAudioClip.nacInit()'> (0x00000000972e96d8) 
thrown [./open/src/hotspot/share/prims/nativeLookup.cpp, line 530]
Event: 3.853 Thread 0x000001ad7a360ee0 Exception <a 'java/lang/UnsatisfiedLinkError'{0x00000000972ee4f8}: 'void com.sun.media.jfxmedia.logging.Logger.nativeSetNativeLevel(int)'> (0x00000000972ee4f8) 
thrown [./open/src/hotspot/share/prims/nativeLookup.cpp, line 530]
Event: 3.920 Thread 0x000001ad7a360ee0 Implicit null exception at 0x000001ad07b24cd7 to 0x000001ad07b25288
Event: 3.920 Thread 0x000001ad7a360ee0 Implicit null exception at 0x000001ad07b29c54 to 0x000001ad07b2a1f0
Event: 6.353 Thread 0x000001ad7a360ee0 Implicit null exception at 0x000001ad07aeb359 to 0x000001ad07aeb5c8
Event: 6.356 Thread 0x000001ad7a360ee0 Implicit null exception at 0x000001ad07b6c80a to 0x000001ad07b6cb78
Event: 6.356 Thread 0x000001ad7a360ee0 Implicit null exception at 0x000001ad07b6d80a to 0x000001ad07b6db68
Event: 6.358 Thread 0x000001ad7a360ee0 Exception <a 'java/lang/NoSuchMethodError'{0x0000000092b800b8}: 'void java.lang.invoke.DirectMethodHandle$Holder.invokeStaticInit(java.lang.Object, java.lang.Object)'> (0x0000000092b800b8) 
thrown [./open/src/hotspot/share/interpreter/linkResolver.cpp, line 782]
Event: 10.572 Thread 0x000001ad7a360ee0 Exception <a 'java/io/FileNotFoundException'{0x00000000a2a14eb8}> (0x00000000a2a14eb8) 
thrown [./open/src/hotspot/share/prims/jni.cpp, line 578]
Event: 10.754 Thread 0x000001ad7a360ee0 Exception <a 'java/lang/NoSuchMethodError'{0x00000000a27e9d68}: 'java.lang.Object java.lang.invoke.DirectMethodHandle$Holder.invokeInterface(java.lang.Object, java.lang.Object, java.lang.Object)'> (0x00000000a27e9d68) 
thrown [./open/src/hotspot/share/interpreter/linkResolver.cpp, line 782]
Event: 10.755 Thread 0x000001ad7a360ee0 Exception <a 'java/lang/IncompatibleClassChangeError'{0x00000000a27ed8e8}: Found class java.lang.Object, but interface was expected> (0x00000000a27ed8e8) 
thrown [./open/src/hotspot/share/interpreter/linkResolver.cpp, line 848]
Event: 11.464 Thread 0x000001ad7a360ee0 Exception <a 'java/io/FileNotFoundException'{0x00000000a1241350}> (0x00000000a1241350) 
thrown [./open/src/hotspot/share/prims/jni.cpp, line 578]
Event: 13.181 Thread 0x000001ad7a360ee0 Exception <a 'java/lang/NoSuchMethodError'{0x00000000a3c73e80}: 'void java.lang.invoke.DirectMethodHandle$Holder.invokeSpecial(java.lang.Object, java.lang.Object, int)'> (0x00000000a3c73e80) 
thrown [./open/src/hotspot/share/interpreter/linkResolver.cpp, line 782]
Event: 15.483 Thread 0x000001ad7a360ee0 Exception <a 'java/lang/NoSuchMethodError'{0x000000009f00d0a0}: 'java.lang.Object java.lang.invoke.DirectMethodHandle$Holder.newInvokeSpecial(java.lang.Object, java.lang.Object, int, int, int, int, int, java.lang.Object)'> (0x000000009f00d0a0) 
thrown [./open/src/hotspot/share/interpreter/linkResolver.cpp, line 782]
Event: 15.490 Thread 0x000001ad7a360ee0 Exception <a 'java/lang/NoSuchMethodError'{0x000000009f020c10}: 'java.lang.Object java.lang.invoke.DirectMethodHandle$Holder.newInvokeSpecial(java.lang.Object, java.lang.Object, java.lang.Object, int, int, int, int, int)'> (0x000000009f020c10) 
thrown [./open/src/hotspot/share/interpreter/linkResolver.cpp, line 782]
Event: 15.492 Thread 0x000001ad7a360ee0 Exception <a 'java/lang/NoSuchMethodError'{0x000000009ed52cc8}: 'java.lang.Object java.lang.invoke.Invokers$Holder.linkToTargetMethod(java.lang.Object, java.lang.Object, int, int, int, int, int, java.lang.Object)'> (0x000000009ed52cc8) 
thrown [./open/src/hotspot/share/interpreter/linkResolver.cpp, line 782]
Event: 20.517 Thread 0x000001ad7abc7bc0 Exception <a 'java/lang/NoSuchMethodError'{0x00000000a0569850}: 'java.lang.Object java.lang.invoke.DirectMethodHandle$Holder.invokeStaticInit(java.lang.Object, int)'> (0x00000000a0569850) 
thrown [./open/src/hotspot/share/interpreter/linkResolver.cpp, line 782]
Event: 26.136 Thread 0x000001ad14bd4f50 Exception <a 'java/io/FileNotFoundException'{0x00000000999e9f70}> (0x00000000999e9f70) 
thrown [./open/src/hotspot/share/prims/jni.cpp, line 578]
Event: 27.938 Thread 0x000001ad7abc7bc0 Implicit null exception at 0x000001ad07c74f2c to 0x000001ad07c74fb0

Events (20 events):
Event: 28.672 Thread 0x000001ad7ae4b990 Thread added: 0x000001ad7ae4b990
Event: 28.672 Thread 0x000001ad7ae4b990 Thread exited: 0x000001ad7ae4b990
Event: 28.672 Thread 0x000001ad7ae4aff0 Thread added: 0x000001ad7ae4aff0
Event: 28.672 Thread 0x000001ad7ae4aff0 Thread exited: 0x000001ad7ae4aff0
Event: 28.709 Executing VM operation: G1TryInitiateConcMark
Event: 28.712 Executing VM operation: G1TryInitiateConcMark done
Event: 28.732 Thread 0x000001ad14bd60f0 Thread added: 0x000001ad14bd60f0
Event: 28.733 Thread 0x000001ad14bd60f0 Thread exited: 0x000001ad14bd60f0
Event: 28.733 Thread 0x000001ad14bd60f0 Thread added: 0x000001ad14bd60f0
Event: 28.733 Thread 0x000001ad14bd60f0 Thread exited: 0x000001ad14bd60f0
Event: 28.756 Thread 0x000001ad14bd65c0 Thread added: 0x000001ad14bd65c0
Event: 28.757 Thread 0x000001ad14bd65c0 Thread exited: 0x000001ad14bd65c0
Event: 28.757 Thread 0x000001ad14bd60f0 Thread added: 0x000001ad14bd60f0
Event: 28.757 Thread 0x000001ad14bd60f0 Thread exited: 0x000001ad14bd60f0
Event: 28.759 Executing VM operation: G1Concurrent
Event: 28.763 Thread 0x000001ad14bd65c0 Thread added: 0x000001ad14bd65c0
Event: 28.763 Thread 0x000001ad14bd65c0 Thread exited: 0x000001ad14bd65c0
Event: 28.764 Thread 0x000001ad14bd6f60 Thread added: 0x000001ad14bd6f60
Event: 28.765 Executing VM operation: G1Concurrent done
Event: 28.766 Thread 0x000001ad14bd6f60 Thread exited: 0x000001ad14bd6f60


Dynamic libraries:
0x00007ff699bd0000 - 0x00007ff699bdf000 	C:\Program Files\Java\jdk-15.0.1\bin\javaw.exe
0x00007ffc8c4a0000 - 0x00007ffc8c690000 	C:\WINDOWS\SYSTEM32\ntdll.dll
0x00007ffc8be20000 - 0x00007ffc8bed2000 	C:\WINDOWS\System32\KERNEL32.DLL
0x00007ffc8a1a0000 - 0x00007ffc8a445000 	C:\WINDOWS\System32\KERNELBASE.dll
0x00007ffc8a450000 - 0x00007ffc8a54a000 	C:\WINDOWS\System32\ucrtbase.dll
0x00007ffc72240000 - 0x00007ffc72258000 	C:\Program Files\Java\jdk-15.0.1\bin\jli.dll
0x00007ffc8bee0000 - 0x00007ffc8bf83000 	C:\WINDOWS\System32\ADVAPI32.dll
0x00007ffc8bd80000 - 0x00007ffc8be1e000 	C:\WINDOWS\System32\msvcrt.dll
0x00007ffc8b3d0000 - 0x00007ffc8b467000 	C:\WINDOWS\System32\sechost.dll
0x00007ffc8aba0000 - 0x00007ffc8acbf000 	C:\WINDOWS\System32\RPCRT4.dll
0x00007ffc721a0000 - 0x00007ffc721b9000 	C:\Program Files\Java\jdk-15.0.1\bin\VCRUNTIME140.dll
0x00007ffc8b470000 - 0x00007ffc8b604000 	C:\WINDOWS\System32\USER32.dll
0x00007ffc8a120000 - 0x00007ffc8a141000 	C:\WINDOWS\System32\win32u.dll
0x00007ffc8b060000 - 0x00007ffc8b086000 	C:\WINDOWS\System32\GDI32.dll
0x00007ffc894b0000 - 0x00007ffc89648000 	C:\WINDOWS\System32\gdi32full.dll
0x00007ffc89410000 - 0x00007ffc894ae000 	C:\WINDOWS\System32\msvcp_win.dll
0x00007ffc73070000 - 0x00007ffc732f4000 	C:\WINDOWS\WinSxS\amd64_microsoft.windows.common-controls_6595b64144ccf1df_6.0.18362.1440_none_9e7dbfb9e45e8e67\COMCTL32.dll
0x00007ffc803f0000 - 0x00007ffc803fa000 	C:\WINDOWS\SYSTEM32\VERSION.dll
0x00007ffc8b090000 - 0x00007ffc8b3c6000 	C:\WINDOWS\System32\combase.dll
0x00007ffc89650000 - 0x00007ffc896d1000 	C:\WINDOWS\System32\bcryptPrimitives.dll
0x00007ffc8aa70000 - 0x00007ffc8aa9e000 	C:\WINDOWS\System32\IMM32.DLL
0x00007ffc79220000 - 0x00007ffc7922c000 	C:\Program Files\Java\jdk-15.0.1\bin\vcruntime140_1.dll
0x00007ffc60f40000 - 0x00007ffc60fd1000 	C:\Program Files\Java\jdk-15.0.1\bin\msvcp140.dll
0x00007ffc488c0000 - 0x00007ffc4941e000 	C:\Program Files\Java\jdk-15.0.1\bin\server\jvm.dll
0x00007ffc8b680000 - 0x00007ffc8b688000 	C:\WINDOWS\System32\PSAPI.DLL
0x00007ffc810e0000 - 0x00007ffc810e9000 	C:\WINDOWS\SYSTEM32\WSOCK32.dll
0x00007ffc8b610000 - 0x00007ffc8b67f000 	C:\WINDOWS\System32\WS2_32.dll
0x00007ffc86f00000 - 0x00007ffc86f24000 	C:\WINDOWS\SYSTEM32\WINMM.dll
0x00007ffc86ed0000 - 0x00007ffc86efd000 	C:\WINDOWS\SYSTEM32\WINMMBASE.dll
0x00007ffc896e0000 - 0x00007ffc8972a000 	C:\WINDOWS\System32\cfgmgr32.dll
0x00007ffc89360000 - 0x00007ffc89371000 	C:\WINDOWS\System32\kernel.appcore.dll
0x00007ffc77a80000 - 0x00007ffc77a8a000 	C:\Program Files\Java\jdk-15.0.1\bin\jimage.dll
0x00007ffc87c00000 - 0x00007ffc87df4000 	C:\WINDOWS\SYSTEM32\DBGHELP.DLL
0x00007ffc6f360000 - 0x00007ffc6f38a000 	C:\WINDOWS\SYSTEM32\dbgcore.DLL
0x00007ffc6afd0000 - 0x00007ffc6aff5000 	C:\Program Files\Java\jdk-15.0.1\bin\java.dll
0x00007ffc8b690000 - 0x00007ffc8bd78000 	C:\WINDOWS\System32\SHELL32.dll
0x00007ffc8acd0000 - 0x00007ffc8ad77000 	C:\WINDOWS\System32\shcore.dll
0x00007ffc89730000 - 0x00007ffc89eab000 	C:\WINDOWS\System32\windows.storage.dll
0x00007ffc893f0000 - 0x00007ffc8940e000 	C:\WINDOWS\System32\profapi.dll
0x00007ffc89380000 - 0x00007ffc893ca000 	C:\WINDOWS\System32\powrprof.dll
0x00007ffc89350000 - 0x00007ffc89360000 	C:\WINDOWS\System32\UMPDC.dll
0x00007ffc8a550000 - 0x00007ffc8a5a2000 	C:\WINDOWS\System32\shlwapi.dll
0x00007ffc8a150000 - 0x00007ffc8a167000 	C:\WINDOWS\System32\cryptsp.dll
0x00007ffc73ff0000 - 0x00007ffc74009000 	C:\Program Files\Java\jdk-15.0.1\bin\net.dll
0x00007ffc75d90000 - 0x00007ffc75e8a000 	C:\WINDOWS\SYSTEM32\WINHTTP.dll
0x00007ffc88b30000 - 0x00007ffc88b97000 	C:\WINDOWS\system32\mswsock.dll
0x00007ffc73da0000 - 0x00007ffc73db2000 	C:\Program Files\Java\jdk-15.0.1\bin\nio.dll
0x00007ffc71c90000 - 0x00007ffc71ca8000 	C:\Program Files\Java\jdk-15.0.1\bin\zip.dll
0x000001ad6a3e0000 - 0x000001ad6a3e3000 	C:\Users\User\Desktop\Java-prog-meth\openjfx-11.0.2_windows-x64_bin-sdk\javafx-sdk-11.0.2\bin\api-ms-win-core-console-l1-1-0.dll
0x000001ad6a3f0000 - 0x000001ad6a3f3000 	C:\Users\User\Desktop\Java-prog-meth\openjfx-11.0.2_windows-x64_bin-sdk\javafx-sdk-11.0.2\bin\api-ms-win-core-datetime-l1-1-0.dll
0x000001ad7bb20000 - 0x000001ad7bb23000 	C:\Users\User\Desktop\Java-prog-meth\openjfx-11.0.2_windows-x64_bin-sdk\javafx-sdk-11.0.2\bin\api-ms-win-core-debug-l1-1-0.dll
0x000001ad7bb30000 - 0x000001ad7bb33000 	C:\Users\User\Desktop\Java-prog-meth\openjfx-11.0.2_windows-x64_bin-sdk\javafx-sdk-11.0.2\bin\api-ms-win-core-errorhandling-l1-1-0.dll
0x000001ad7bb40000 - 0x000001ad7bb44000 	C:\Users\User\Desktop\Java-prog-meth\openjfx-11.0.2_windows-x64_bin-sdk\javafx-sdk-11.0.2\bin\api-ms-win-core-file-l1-1-0.dll
0x000001ad7bb50000 - 0x000001ad7bb53000 	C:\Users\User\Desktop\Java-prog-meth\openjfx-11.0.2_windows-x64_bin-sdk\javafx-sdk-11.0.2\bin\api-ms-win-core-file-l1-2-0.dll
0x000001ad7bb60000 - 0x000001ad7bb63000 	C:\Users\User\Desktop\Java-prog-meth\openjfx-11.0.2_windows-x64_bin-sdk\javafx-sdk-11.0.2\bin\api-ms-win-core-file-l2-1-0.dll
0x000001ad7bb70000 - 0x000001ad7bb73000 	C:\Users\User\Desktop\Java-prog-meth\openjfx-11.0.2_windows-x64_bin-sdk\javafx-sdk-11.0.2\bin\api-ms-win-core-handle-l1-1-0.dll
0x000001ad7bb80000 - 0x000001ad7bb83000 	C:\Users\User\Desktop\Java-prog-meth\openjfx-11.0.2_windows-x64_bin-sdk\javafx-sdk-11.0.2\bin\api-ms-win-core-heap-l1-1-0.dll
0x000001ad7bb90000 - 0x000001ad7bb93000 	C:\Users\User\Desktop\Java-prog-meth\openjfx-11.0.2_windows-x64_bin-sdk\javafx-sdk-11.0.2\bin\api-ms-win-core-interlocked-l1-1-0.dll
0x000001ad7bba0000 - 0x000001ad7bba3000 	C:\Users\User\Desktop\Java-prog-meth\openjfx-11.0.2_windows-x64_bin-sdk\javafx-sdk-11.0.2\bin\api-ms-win-core-libraryloader-l1-1-0.dll
0x000001ad7bbb0000 - 0x000001ad7bbb3000 	C:\Users\User\Desktop\Java-prog-meth\openjfx-11.0.2_windows-x64_bin-sdk\javafx-sdk-11.0.2\bin\api-ms-win-core-localization-l1-2-0.dll
0x000001ad7bbc0000 - 0x000001ad7bbc3000 	C:\Users\User\Desktop\Java-prog-meth\openjfx-11.0.2_windows-x64_bin-sdk\javafx-sdk-11.0.2\bin\api-ms-win-core-memory-l1-1-0.dll
0x000001ad7bbd0000 - 0x000001ad7bbd3000 	C:\Users\User\Desktop\Java-prog-meth\openjfx-11.0.2_windows-x64_bin-sdk\javafx-sdk-11.0.2\bin\api-ms-win-core-namedpipe-l1-1-0.dll
0x000001ad7bbe0000 - 0x000001ad7bbe3000 	C:\Users\User\Desktop\Java-prog-meth\openjfx-11.0.2_windows-x64_bin-sdk\javafx-sdk-11.0.2\bin\api-ms-win-core-processenvironment-l1-1-0.dll
0x000001ad7bbf0000 - 0x000001ad7bbf3000 	C:\Users\User\Desktop\Java-prog-meth\openjfx-11.0.2_windows-x64_bin-sdk\javafx-sdk-11.0.2\bin\api-ms-win-core-processthreads-l1-1-0.dll
0x000001ad7bc00000 - 0x000001ad7bc03000 	C:\Users\User\Desktop\Java-prog-meth\openjfx-11.0.2_windows-x64_bin-sdk\javafx-sdk-11.0.2\bin\api-ms-win-core-processthreads-l1-1-1.dll
0x000001ad7bc10000 - 0x000001ad7bc13000 	C:\Users\User\Desktop\Java-prog-meth\openjfx-11.0.2_windows-x64_bin-sdk\javafx-sdk-11.0.2\bin\api-ms-win-core-profile-l1-1-0.dll
0x000001ad7bc20000 - 0x000001ad7bc23000 	C:\Users\User\Desktop\Java-prog-meth\openjfx-11.0.2_windows-x64_bin-sdk\javafx-sdk-11.0.2\bin\api-ms-win-core-rtlsupport-l1-1-0.dll
0x000001ad7bc30000 - 0x000001ad7bc33000 	C:\Users\User\Desktop\Java-prog-meth\openjfx-11.0.2_windows-x64_bin-sdk\javafx-sdk-11.0.2\bin\api-ms-win-core-string-l1-1-0.dll
0x000001ad7bc40000 - 0x000001ad7bc43000 	C:\Users\User\Desktop\Java-prog-meth\openjfx-11.0.2_windows-x64_bin-sdk\javafx-sdk-11.0.2\bin\api-ms-win-core-synch-l1-1-0.dll
0x000001ad7bc50000 - 0x000001ad7bc53000 	C:\Users\User\Desktop\Java-prog-meth\openjfx-11.0.2_windows-x64_bin-sdk\javafx-sdk-11.0.2\bin\api-ms-win-core-synch-l1-2-0.dll
0x000001ad7bc60000 - 0x000001ad7bc63000 	C:\Users\User\Desktop\Java-prog-meth\openjfx-11.0.2_windows-x64_bin-sdk\javafx-sdk-11.0.2\bin\api-ms-win-core-sysinfo-l1-1-0.dll
0x000001ad7bc70000 - 0x000001ad7bc73000 	C:\Users\User\Desktop\Java-prog-meth\openjfx-11.0.2_windows-x64_bin-sdk\javafx-sdk-11.0.2\bin\api-ms-win-core-timezone-l1-1-0.dll
0x000001ad7bc80000 - 0x000001ad7bc83000 	C:\Users\User\Desktop\Java-prog-meth\openjfx-11.0.2_windows-x64_bin-sdk\javafx-sdk-11.0.2\bin\api-ms-win-core-util-l1-1-0.dll
0x000001ad7bc90000 - 0x000001ad7bc93000 	C:\Users\User\Desktop\Java-prog-meth\openjfx-11.0.2_windows-x64_bin-sdk\javafx-sdk-11.0.2\bin\api-ms-win-crt-conio-l1-1-0.dll
0x000001ad7bca0000 - 0x000001ad7bca4000 	C:\Users\User\Desktop\Java-prog-meth\openjfx-11.0.2_windows-x64_bin-sdk\javafx-sdk-11.0.2\bin\api-ms-win-crt-convert-l1-1-0.dll
0x000001ad7bcb0000 - 0x000001ad7bcb3000 	C:\Users\User\Desktop\Java-prog-meth\openjfx-11.0.2_windows-x64_bin-sdk\javafx-sdk-11.0.2\bin\api-ms-win-crt-environment-l1-1-0.dll
0x000001ad7bcc0000 - 0x000001ad7bcc3000 	C:\Users\User\Desktop\Java-prog-meth\openjfx-11.0.2_windows-x64_bin-sdk\javafx-sdk-11.0.2\bin\api-ms-win-crt-filesystem-l1-1-0.dll
0x000001ad7bcd0000 - 0x000001ad7bcd3000 	C:\Users\User\Desktop\Java-prog-meth\openjfx-11.0.2_windows-x64_bin-sdk\javafx-sdk-11.0.2\bin\api-ms-win-crt-heap-l1-1-0.dll
0x000001ad7bce0000 - 0x000001ad7bce3000 	C:\Users\User\Desktop\Java-prog-meth\openjfx-11.0.2_windows-x64_bin-sdk\javafx-sdk-11.0.2\bin\api-ms-win-crt-locale-l1-1-0.dll
0x000001ad7bcf0000 - 0x000001ad7bcf5000 	C:\Users\User\Desktop\Java-prog-meth\openjfx-11.0.2_windows-x64_bin-sdk\javafx-sdk-11.0.2\bin\api-ms-win-crt-math-l1-1-0.dll
0x000001ad7bd00000 - 0x000001ad7bd05000 	C:\Users\User\Desktop\Java-prog-meth\openjfx-11.0.2_windows-x64_bin-sdk\javafx-sdk-11.0.2\bin\api-ms-win-crt-multibyte-l1-1-0.dll
0x000001ad7bd10000 - 0x000001ad7bd20000 	C:\Users\User\Desktop\Java-prog-meth\openjfx-11.0.2_windows-x64_bin-sdk\javafx-sdk-11.0.2\bin\api-ms-win-crt-private-l1-1-0.dll
0x000001ad7bd20000 - 0x000001ad7bd23000 	C:\Users\User\Desktop\Java-prog-meth\openjfx-11.0.2_windows-x64_bin-sdk\javafx-sdk-11.0.2\bin\api-ms-win-crt-process-l1-1-0.dll
0x000001ad7bd30000 - 0x000001ad7bd34000 	C:\Users\User\Desktop\Java-prog-meth\openjfx-11.0.2_windows-x64_bin-sdk\javafx-sdk-11.0.2\bin\api-ms-win-crt-runtime-l1-1-0.dll
0x000001ad7bd40000 - 0x000001ad7bd44000 	C:\Users\User\Desktop\Java-prog-meth\openjfx-11.0.2_windows-x64_bin-sdk\javafx-sdk-11.0.2\bin\api-ms-win-crt-stdio-l1-1-0.dll
0x000001ad7bd50000 - 0x000001ad7bd54000 	C:\Users\User\Desktop\Java-prog-meth\openjfx-11.0.2_windows-x64_bin-sdk\javafx-sdk-11.0.2\bin\api-ms-win-crt-string-l1-1-0.dll
0x000001ad7bd60000 - 0x000001ad7bd63000 	C:\Users\User\Desktop\Java-prog-meth\openjfx-11.0.2_windows-x64_bin-sdk\javafx-sdk-11.0.2\bin\api-ms-win-crt-time-l1-1-0.dll
0x000001ad7bd70000 - 0x000001ad7bd73000 	C:\Users\User\Desktop\Java-prog-meth\openjfx-11.0.2_windows-x64_bin-sdk\javafx-sdk-11.0.2\bin\api-ms-win-crt-utility-l1-1-0.dll
0x00007ffc5af90000 - 0x00007ffc5b08a000 	C:\Users\User\Desktop\Java-prog-meth\openjfx-11.0.2_windows-x64_bin-sdk\javafx-sdk-11.0.2\bin\ucrtbase.dll
0x00007ffc72180000 - 0x00007ffc72196000 	C:\Users\User\Desktop\Java-prog-meth\openjfx-11.0.2_windows-x64_bin-sdk\javafx-sdk-11.0.2\bin\vcruntime140.dll
0x00007ffc5aad0000 - 0x00007ffc5ab76000 	C:\Users\User\Desktop\Java-prog-meth\openjfx-11.0.2_windows-x64_bin-sdk\javafx-sdk-11.0.2\bin\msvcp140.dll
0x00007ffc60cd0000 - 0x00007ffc60d21000 	C:\Users\User\Desktop\Java-prog-meth\openjfx-11.0.2_windows-x64_bin-sdk\javafx-sdk-11.0.2\bin\concrt140.dll
0x00007ffc6a760000 - 0x00007ffc6a783000 	C:\Users\User\Desktop\Java-prog-meth\openjfx-11.0.2_windows-x64_bin-sdk\javafx-sdk-11.0.2\bin\prism_d3d.dll
0x00007ffc5b210000 - 0x00007ffc5b3d7000 	C:\WINDOWS\system32\d3d9.dll
0x00007ffc87660000 - 0x00007ffc8768d000 	C:\WINDOWS\SYSTEM32\dwmapi.dll
0x00007ffc87f90000 - 0x00007ffc87fb0000 	C:\WINDOWS\SYSTEM32\dxcore.dll
0x00007ffc871e0000 - 0x00007ffc87279000 	C:\WINDOWS\system32\uxtheme.dll
0x00007ffc801f0000 - 0x00007ffc803cd000 	C:\WINDOWS\System32\DriverStore\FileRepository\c0348389.inf_amd64_e5f101fefcc2f846\B348328\aticfx64.dll
0x00007ffc521e0000 - 0x00007ffc52210000 	C:\WINDOWS\System32\DriverStore\FileRepository\c0348389.inf_amd64_e5f101fefcc2f846\B348328\atiu9p64.dll
0x00007ffc46330000 - 0x00007ffc46ffb000 	C:\WINDOWS\System32\DriverStore\FileRepository\c0348389.inf_amd64_e5f101fefcc2f846\B348328\atiumd64.dll
0x00007ffc8af00000 - 0x00007ffc8b057000 	C:\WINDOWS\System32\ole32.dll
0x000000005ad90000 - 0x000000005bb13000 	C:\WINDOWS\System32\DriverStore\FileRepository\c0348389.inf_amd64_e5f101fefcc2f846\B348328\atiumd6a.dll
0x00007ffc69170000 - 0x00007ffc691b5000 	C:\Users\User\Desktop\Java-prog-meth\openjfx-11.0.2_windows-x64_bin-sdk\javafx-sdk-11.0.2\bin\glass.dll
0x00007ffc8a930000 - 0x00007ffc8aa00000 	C:\WINDOWS\System32\COMDLG32.dll
0x00007ffc8ad80000 - 0x00007ffc8ae45000 	C:\WINDOWS\System32\OLEAUT32.dll
0x00007ffc8a7f0000 - 0x00007ffc8a925000 	C:\WINDOWS\System32\MSCTF.dll
0x00007ffc6a810000 - 0x00007ffc6a824000 	C:\Users\User\Desktop\Java-prog-meth\openjfx-11.0.2_windows-x64_bin-sdk\javafx-sdk-11.0.2\bin\javafx_font.dll
0x00007ffc752d0000 - 0x00007ffc755ce000 	C:\WINDOWS\SYSTEM32\dwrite.dll
0x00007ffc8ae50000 - 0x00007ffc8aef2000 	C:\WINDOWS\System32\clbcatq.dll
0x00007ffc842f0000 - 0x00007ffc8449f000 	C:\WINDOWS\SYSTEM32\WindowsCodecs.dll
0x00007ffc5e360000 - 0x00007ffc5e39b000 	C:\WINDOWS\system32\dataexchange.dll
0x00007ffc85fe0000 - 0x00007ffc8623b000 	C:\WINDOWS\system32\d3d11.dll
0x00007ffc86770000 - 0x00007ffc8694d000 	C:\WINDOWS\system32\dcomp.dll
0x00007ffc88020000 - 0x00007ffc8810b000 	C:\WINDOWS\system32\dxgi.dll
0x00007ffc87310000 - 0x00007ffc8756a000 	C:\WINDOWS\system32\twinapi.appcore.dll
0x00007ffc87740000 - 0x00007ffc87769000 	C:\WINDOWS\system32\RMCLIENT.dll
0x00007ffc81fe0000 - 0x00007ffc82013000 	C:\Program Files\Common Files\Microsoft Shared\Ink\rtscom.dll
0x00007ffc77550000 - 0x00007ffc775ed000 	C:\WINDOWS\System32\TextInputFramework.dll
0x00007ffc846a0000 - 0x00007ffc849ca000 	C:\WINDOWS\System32\CoreUIComponents.dll
0x00007ffc86cc0000 - 0x00007ffc86d94000 	C:\WINDOWS\System32\CoreMessaging.dll
0x00007ffc88390000 - 0x00007ffc883c1000 	C:\WINDOWS\SYSTEM32\ntmarta.dll
0x00007ffc84c50000 - 0x00007ffc84da2000 	C:\WINDOWS\SYSTEM32\wintypes.dll
0x00007ffc75fe0000 - 0x00007ffc76287000 	C:\WINDOWS\System32\iertutil.dll
0x00007ffc68830000 - 0x00007ffc68895000 	C:\WINDOWS\system32\Oleacc.dll
0x00007ffc5aa20000 - 0x00007ffc5aac3000 	C:\Users\User\Desktop\Java-prog-meth\openjfx-11.0.2_windows-x64_bin-sdk\javafx-sdk-11.0.2\bin\glib-lite.dll
0x00007ffc5a940000 - 0x00007ffc5aa1e000 	C:\Users\User\Desktop\Java-prog-meth\openjfx-11.0.2_windows-x64_bin-sdk\javafx-sdk-11.0.2\bin\gstreamer-lite.dll
0x00007ffc61260000 - 0x00007ffc612f9000 	C:\WINDOWS\SYSTEM32\DSOUND.dll
0x00007ffc69640000 - 0x00007ffc69666000 	C:\Users\User\Desktop\Java-prog-meth\openjfx-11.0.2_windows-x64_bin-sdk\javafx-sdk-11.0.2\bin\jfxmedia.dll

dbghelp: loaded successfully - version: 4.0.5 - missing functions: none
symbol engine: initialized successfully - sym options: 0x614 - pdb path: .;C:\Program Files\Java\jdk-15.0.1\bin;C:\WINDOWS\SYSTEM32;C:\WINDOWS\WinSxS\amd64_microsoft.windows.common-controls_6595b64144ccf1df_6.0.18362.1440_none_9e7dbfb9e45e8e67;C:\Program Files\Java\jdk-15.0.1\bin\server;C:\Users\User\Desktop\Java-prog-meth\openjfx-11.0.2_windows-x64_bin-sdk\javafx-sdk-11.0.2\bin;C:\WINDOWS\System32\DriverStore\FileRepository\c0348389.inf_amd64_e5f101fefcc2f846\B348328;C:\Program Files\Common Files\Microsoft Shared\Ink

VM Arguments:
jvm_args: --module-path=C:\Users\User\Desktop\Java-prog-meth\openjfx-11.0.2_windows-x64_bin-sdk\javafx-sdk-11.0.2\lib --add-modules=javafx.controls,javafx.fxml --module-path=C:\Users\User\Desktop\Java-prog-meth\openjfx-11.0.2_windows-x64_bin-sdk\javafx-sdk-11.0.2\lib --add-modules=javafx.controls,javafx.fxml,javafx.media,javafx.graphics -Dfile.encoding=Cp1252 -XX:+ShowCodeDetailsInExceptionMessages 
java_command: application.Main
java_class_path (initial): C:\Users\User\Desktop\Java-prog-meth\Progmeth_Project_Game_CoconutEmpire\bin
Launcher Type: SUN_STANDARD

[Global flags]
     intx CICompilerCount                          = 4                                         {product} {ergonomic}
     uint ConcGCThreads                            = 2                                         {product} {ergonomic}
     uint G1ConcRefinementThreads                  = 8                                         {product} {ergonomic}
   size_t G1HeapRegionSize                         = 1048576                                   {product} {ergonomic}
    uintx GCDrainStackTargetSize                   = 64                                        {product} {ergonomic}
   size_t InitialHeapSize                          = 117440512                                 {product} {ergonomic}
   size_t MarkStackSize                            = 4194304                                   {product} {ergonomic}
   size_t MaxHeapSize                              = 1868562432                                {product} {ergonomic}
   size_t MaxNewSize                               = 1120927744                                {product} {ergonomic}
   size_t MinHeapDeltaBytes                        = 1048576                                   {product} {ergonomic}
   size_t MinHeapSize                              = 8388608                                   {product} {ergonomic}
    uintx NonNMethodCodeHeapSize                   = 5839372                                {pd product} {ergonomic}
    uintx NonProfiledCodeHeapSize                  = 122909434                              {pd product} {ergonomic}
    uintx ProfiledCodeHeapSize                     = 122909434                              {pd product} {ergonomic}
    uintx ReservedCodeCacheSize                    = 251658240                              {pd product} {ergonomic}
     bool SegmentedCodeCache                       = true                                      {product} {ergonomic}
     bool ShowCodeDetailsInExceptionMessages       = true                                   {manageable} {command line}
   size_t SoftMaxHeapSize                          = 1868562432                             {manageable} {ergonomic}
     bool UseCompressedClassPointers               = true                                 {lp64_product} {ergonomic}
     bool UseCompressedOops                        = true                                 {lp64_product} {ergonomic}
     bool UseG1GC                                  = true                                      {product} {ergonomic}
     bool UseLargePagesIndividualAllocation        = false                                  {pd product} {ergonomic}

Logging:
Log output configuration:
 #0: stdout all=warning uptime,level,tags
 #1: stderr all=off uptime,level,tags

Environment Variables:
PATH=C:/Program Files/Java/jdk-15.0.1/bin/server;C:/Program Files/Java/jdk-15.0.1/bin;C:\Program Files\Common Files\Oracle\Java\javapath;C:\WINDOWS\system32;C:\WINDOWS;C:\WINDOWS\System32\Wbem;C:\WINDOWS\System32\WindowsPowerShell\v1.0\;C:\WINDOWS\System32\OpenSSH\;C:\Program Files\Git\cmd;C:\Program Files\PuTTY\;C:\Program Files (x86)\Microsoft\Edge\Application;C:\Program Files\Common Files\Oracle\Java\javapath;C:\WINDOWS\system32;C:\WINDOWS;C:\WINDOWS\System32\Wbem;C:\WINDOWS\System32\WindowsPowerShell\v1.0\;C:\WINDOWS\System32\OpenSSH\;C:\Program Files\Git\cmd;C:\Program Files\PuTTY\;C:\Program Files\Common Files\Oracle\Java\javapath;C:\WINDOWS\system32;C:\WINDOWS;C:\WINDOWS\System32\Wbem;C:\WINDOWS\System32\WindowsPowerShell\v1.0\;C:\WINDOWS\System32\OpenSSH\;C:\Program Files\Git\cmd;C:\Program Files\PuTTY\;C:\Python27\Scripts;C:\Users\User\AppData\Local\Programs\Microsoft VS Code\bin;C:\Python27\Scripts;C:\Users\User\AppData\Local\Programs\Microsoft VS Code\bin;C:\Users\User\AppData\Local\gitkraken\bin;C:\WINDOWS\system32;
USERNAME=User
OS=Windows_NT
PROCESSOR_IDENTIFIER=AMD64 Family 23 Model 17 Stepping 0, AuthenticAMD



---------------  S Y S T E M  ---------------

OS:
 Windows 10 , 64 bit Build 18362 (10.0.18362.1350)
OS uptime: 17 days 16:32 hours

CPU: total 8 (initial active 8) (8 cores per cpu, 2 threads per core) family 23 model 17 stepping 0 microcode 0x0, cmov, cx8, fxsr, mmx, sse, sse2, sse3, ssse3, sse4.1, sse4.2, popcnt, vzeroupper, avx, avx2, aes, clmul, 3dnowpref, lzcnt, sse4a, ht, tsc, tscinvbit, tscinv, bmi1, bmi2, adx, sha, fma, clflush, clflushopt

Memory: 4k page, system-wide physical 7123M (445M free)
TotalPageFile size 28627M (AvailPageFile size 1M)
current process WorkingSet (physical memory assigned to process): 467M, peak: 467M
current process commit charge ("private bytes"): 743M, peak: 776M

vm_info: Java HotSpot(TM) 64-Bit Server VM (15.0.1+9-18) for windows-amd64 JRE (15.0.1+9-18), built on Sep 15 2020 14:43:54 by "mach5one" with unknown MS VC++:1925

END.
